#-----------------------------------------------------------
# Vivado v2019.2 (64-bit)
# SW Build 2708876 on Wed Nov  6 21:40:23 MST 2019
# IP Build 2700528 on Thu Nov  7 00:09:20 MST 2019
# Start of session at: Thu Sep  7 14:28:19 2023
# Process ID: 1184
# Current directory: C:/Users/tvh10/Desktop/MIPSlearn/project_last
# Command line: vivado.exe -gui_launcher_event rodinguilauncherevent11832 C:\Users\tvh10\Desktop\MIPSlearn\project_last\project_1.xpr
# Log file: C:/Users/tvh10/Desktop/MIPSlearn/project_last/vivado.log
# Journal file: C:/Users/tvh10/Desktop/MIPSlearn/project_last\vivado.jou
#-----------------------------------------------------------
start_gui
open_project C:/Users/tvh10/Desktop/MIPSlearn/project_last/project_1.xpr
Scanning sources...
Finished scanning sources
INFO: [IP_Flow 19-234] Refreshing IP repositories
INFO: [IP_Flow 19-1704] No user IP repositories specified
INFO: [IP_Flow 19-2313] Loaded Vivado IP repository 'D:/xilinix2/Vivado/2019.2/data/ip'.
update_compile_order -fileset sources_1
launch_simulation
Command: launch_simulation 
boost::filesystem::remove: 另一个程序正在使用此文件，进程无法访问。: "C:/Users/tvh10/Desktop/MIPSlearn/project_last/project_1.sim/sim_1/behav/xsim/simulate.log"
exit
INFO: [Common 17-206] Exiting Vivado at Thu Sep  7 14:28:51 2023...
