#
# A fatal error has been detected by the Java Runtime Environment:
#
#  EXCEPTION_ACCESS_VIOLATION (0xc0000005) at pc=0x00007ff8e55c8a56, pid=18268, tid=12904
#
# JRE version: Java(TM) SE Runtime Environment (9.0+11) (build 9.0.4+11)
# Java VM: Java HotSpot(TM) 64-Bit Server VM (9.0.4+11, mixed mode, tiered, compressed oops, g1 gc, windows-amd64)
# Problematic frame:
# C  [librdi_filemgmt.dll+0x258a56]
#
# No core dump will be written. Minidumps are not enabled by default on client versions of Windows
#
# If you would like to submit a bug report, please visit:
#   http://bugreport.java.com/bugreport/crash.jsp
# The crash happened outside the Java Virtual Machine in native code.
# See problematic frame for where to report the bug.
#

---------------  S U M M A R Y ------------

Command Line: -Dsun.java2d.pmoffscreen=false -Dsun.java2d.xrender=false -Dsun.java2d.d3d=false -Dsun.awt.nopixfmt=true -Dsun.java2d.dpiaware=true -Dsun.java2d.uiScale.enabled=false -Xverify:none -Dswing.aatext=true -XX:-UsePerfData -Djdk.map.althashing.threshold=512 -XX:StringTableSize=4072 --add-opens=java.base/java.nio=ALL-UNNAMED --add-opens=java.desktop/sun.swing=ALL-UNNAMED --add-opens=java.desktop/javax.swing=ALL-UNNAMED --add-opens=java.desktop/javax.swing.tree=ALL-UNNAMED --add-opens=java.desktop/javax.swing.plaf.basic=ALL-UNNAMED --add-opens=java.desktop/javax.swing.plaf.synth=ALL-UNNAMED --add-opens=java.desktop/com.sun.awt=ALL-UNNAMED -XX:NewSize=60m -XX:MaxNewSize=60m -Xms128m -Xmx3072m -Xss5m 

Host: AMD Ryzen 7 4800H with Radeon Graphics         , 16 cores, 15G,  Windows 10 , 64 bit Build 22621 (10.0.22621.2070)
Time: Fri Aug 25 13:43:53 2023 ?¨ª¨¤¡ä?¡Â??¡ã?¦Ìo¡À¨º¡Á?¨º¡À?? elapsed time: 3268 seconds (0d 0h 54m 28s)

---------------  T H R E A D  ---------------

Current thread (0x000001fef4e0c800):  JavaThread "AWT-EventQueue-1" [_thread_in_native, id=12904, stack(0x000000c4d5100000,0x000000c4d5600000)]

Stack: [0x000000c4d5100000,0x000000c4d5600000],  sp=0x000000c4d55fcb00,  free space=5106k
Native frames: (J=compiled Java code, j=interpreted, Vv=VM code, C=native code)
C  [librdi_filemgmt.dll+0x258a56]
C  [librdi_filemgmt.dll+0x257122]
C  [librdi_filemgmt.dll+0x26c6d8]
C  0x000001fee6787cd2

Java frames: (J=compiled Java code, j=interpreted, Vv=VM code)
J 22372  ui.data.srcscan.srcscani.EditorAssist_createFoldInfoIter(JLjava/lang/String;)J (0 bytes) @ 0x000001fee6787c35 [0x000001fee6787be0+0x0000000000000055]
J 22370 c1 ui.data.m.a.a.b(Lui/data/m/a/a;Ljava/lang/String;)J (6 bytes) @ 0x000001fee0c18c54 [0x000001fee0c18bc0+0x0000000000000094]
j  ui.data.m.a.c.a(Ljava/net/URI;)V+86
j  ui.data.m.a.a.ui(Ljava/lang/String;)V+15
j  ui.views.V.a.ab.agK(Ljava/lang/String;)V+27
j  ui.views.V.a.ab.hdH()V+43
j  ui.views.V.a.al.finished()V+20
J 17247 c1 ui.frmwork.z.run()V (15 bytes) @ 0x000001fedf462acc [0x000001fedf462960+0x000000000000016c]
J 14668 c2 java.awt.EventQueue$3.run()Ljava/lang/Object; java.desktop@9.0.4 (5 bytes) @ 0x000001fee5fcbb44 [0x000001fee5fcb600+0x0000000000000544]
v  ~StubRoutines::call_stub
J 4242  java.security.AccessController.doPrivileged(Ljava/security/PrivilegedAction;Ljava/security/AccessControlContext;)Ljava/lang/Object; java.base@9.0.4 (0 bytes) @ 0x000001fee55f77c6 [0x000001fee55f7760+0x0000000000000066]
J 14553 c2 ui.frmwork.b.d.dispatchEvent(Ljava/awt/AWTEvent;)V (34 bytes) @ 0x000001fee5f9809c [0x000001fee5f97e60+0x000000000000023c]
J 19325 c2 java.awt.EventDispatchThread.pumpOneEventForFilters(I)V java.desktop@9.0.4 (218 bytes) @ 0x000001fee6383880 [0x000001fee6383480+0x0000000000000400]
J 20027% c2 java.awt.EventDispatchThread.pumpEventsForFilter(ILjava/awt/Conditional;Ljava/awt/EventFilter;)V java.desktop@9.0.4 (47 bytes) @ 0x000001fee64650d8 [0x000001fee6464fc0+0x0000000000000118]
j  java.awt.EventDispatchThread.pumpEventsForHierarchy(ILjava/awt/Conditional;Ljava/awt/Component;)V+11 java.desktop@9.0.4
j  java.awt.EventDispatchThread.pumpEvents(ILjava/awt/Conditional;)V+4 java.desktop@9.0.4
j  java.awt.EventDispatchThread.pumpEvents(Ljava/awt/Conditional;)V+3 java.desktop@9.0.4
j  java.awt.EventDispatchThread.run()V+9 java.desktop@9.0.4
v  ~StubRoutines::call_stub

siginfo: EXCEPTION_ACCESS_VIOLATION (0xc0000005), reading address 0x0000000000000000


Register to memory mapping:

RIP=0x00007ff8e55c8a56 librdi_filemgmt.dll
RAX=0x0000000000000001 is an unknown value
RBX=0x000001fefa8ff1f0 is an unknown value
RCX=0x000001fec7750000 is an unknown value
RDX=0x0000000000000000 is an unknown value
RSP=0x000000c4d55fcb00 is pointing into the stack for thread: 0x000001fef4e0c800
RBP=0x000000c4d55fcc60 is pointing into the stack for thread: 0x000001fef4e0c800
RSI=0x0000000000000000 is an unknown value
RDI=0x000001fefe42e050 is an unknown value
R8 =0x000001fec7642000 is an unknown value
R9 =0x0000000000000001 is an unknown value
R10=0x0000000000000003 is an unknown value
R11=0x000000c4d55fca60 is pointing into the stack for thread: 0x000001fef4e0c800
R12=0x000001fef78ca410 is an unknown value
R13=0x0000000000000000 is an unknown value
R14=0x0000000000000000 is an unknown value
R15=0x000000c4d55fcd38 is pointing into the stack for thread: 0x000001fef4e0c800


Registers:
RAX=0x0000000000000001, RBX=0x000001fefa8ff1f0, RCX=0x000001fec7750000, RDX=0x0000000000000000
RSP=0x000000c4d55fcb00, RBP=0x000000c4d55fcc60, RSI=0x0000000000000000, RDI=0x000001fefe42e050
R8 =0x000001fec7642000, R9 =0x0000000000000001, R10=0x0000000000000003, R11=0x000000c4d55fca60
R12=0x000001fef78ca410, R13=0x0000000000000000, R14=0x0000000000000000, R15=0x000000c4d55fcd38
RIP=0x00007ff8e55c8a56, EFLAGS=0x0000000000010293

Top of Stack: (sp=0x000000c4d55fcb00)
0x000000c4d55fcb00:   000001fefa8ff1e8 0000000000000000
0x000000c4d55fcb10:   000001fefa8ff1e8 0000000000000053
0x000000c4d55fcb20:   fffffffffffffffe 000001fef616d200
0x000000c4d55fcb30:   000001fef69448b0 0000000000000000
0x000000c4d55fcb40:   000000000000000f 000001fef616d000
0x000000c4d55fcb50:   000000c4d55fcd70 0000000000000000
0x000000c4d55fcb60:   000000000000000f 0000e06971d4ee6e
0x000000c4d55fcb70:   0000000000000053 000001fef78ca410
0x000000c4d55fcb80:   000000c4d55fcc60 00007ff8e55c7122
0x000000c4d55fcb90:   00007027bf77066e 0000000000000000
0x000000c4d55fcba0:   0000000000000053 000001fefe42e050
0x000000c4d55fcbb0:   0000000000000053 000001fef4e0ca18
0x000000c4d55fcbc0:   000001fef4e0ca18 000001fef69448b0
0x000000c4d55fcbd0:   000000c4d55fcd70 00007ff8e55dc6d8
0x000000c4d55fcbe0:   0000000000000053 0000000000000053
0x000000c4d55fcbf0:   000001fef69448b0 0000000000000000 

Instructions: (pc=0x00007ff8e55c8a56)
0x00007ff8e55c8a36:   66 66 0f 1f 84 00 00 00 00 00 48 8b 13 48 c7 44
0x00007ff8e55c8a46:   24 40 0f 00 00 00 4c 89 74 24 38 c6 44 24 28 00
0x00007ff8e55c8a56:   80 3a 00 75 05 4d 8b c6 eb 0e 49 83 c8 ff 49 ff
0x00007ff8e55c8a66:   c0 42 80 3c 02 00 75 f6 48 8d 4c 24 28 e8 48 dc 



---------------  P R O C E S S  ---------------

Java Threads: ( => current thread )
  0x000001fe82b42000 JavaThread "Code Inspector Thread" [_thread_in_native, id=21072, stack(0x000000c4dce00000,0x000000c4dd300000)]
  0x000001fed2c1b800 JavaThread "Code Inspector Thread" [_thread_in_native, id=12900, stack(0x000000c4db500000,0x000000c4dba00000)]
  0x000001fe82b39000 JavaThread "Monitor File Timestamp Swing Worker Thread" [_thread_blocked, id=26992, stack(0x000000c4dc900000,0x000000c4dce00000)]
  0x000001fe82b3f800 JavaThread "Timer-5" [_thread_blocked, id=16900, stack(0x000000c4dc400000,0x000000c4dc900000)]
  0x000001fe82b3e000 JavaThread "Monitor File Timestamp Swing Worker Thread" [_thread_blocked, id=21704, stack(0x000000c4dbf00000,0x000000c4dc400000)]
  0x000001fe82b41000 JavaThread "Timer-4" [_thread_blocked, id=18896, stack(0x000000c4db000000,0x000000c4db500000)]
  0x000001fe82b36800 JavaThread "Monitor File Timestamp Swing Worker Thread" [_thread_blocked, id=11508, stack(0x000000c4dab00000,0x000000c4db000000)]
  0x000001fe82b35000 JavaThread "Timer-3" [_thread_blocked, id=24768, stack(0x000000c4d7200000,0x000000c4d7700000)]
  0x000001fe82b3d800 JavaThread "Monitor File Timestamp Swing Worker Thread" [_thread_blocked, id=27116, stack(0x000000c4da100000,0x000000c4da600000)]
  0x000001fe82b3c800 JavaThread "Timer-2" [_thread_blocked, id=31564, stack(0x000000c4d9c00000,0x000000c4da100000)]
  0x000001fe82b3c000 JavaThread "Swing-Shell" daemon [_thread_blocked, id=8676, stack(0x000000c4d4200000,0x000000c4d4700000)]
  0x000001fe82b3f000 JavaThread "ForkJoinPool.commonPool-worker-25" daemon [_thread_blocked, id=27396, stack(0x000000c4da600000,0x000000c4dab00000)]
  0x000001fe82b3b000 JavaThread "Monitor File Timestamp Swing Worker Thread" [_thread_blocked, id=5644, stack(0x000000c4d9700000,0x000000c4d9c00000)]
  0x000001fe82b36000 JavaThread "Timer-0" [_thread_blocked, id=29752, stack(0x000000c4d9200000,0x000000c4d9700000)]
  0x000001fe82b3a800 JavaThread "Image Animator 3" daemon [_thread_blocked, id=20012, stack(0x000000c4d8600000,0x000000c4d8b00000)]
  0x000001fe82b34800 JavaThread "SyntheticaAnimation 50" daemon [_thread_blocked, id=12260, stack(0x000000c4d8100000,0x000000c4d8600000)]
  0x000001fe82b39800 JavaThread "Update Runs Swing Worker Thread" [_thread_blocked, id=28496, stack(0x000000c4d8b00000,0x000000c4d9000000)]
  0x000001fe82b37800 JavaThread "hw_ila_monitor" [_thread_blocked, id=17756, stack(0x000000c4d7c00000,0x000000c4d8100000)]
  0x000001fed2c18800 JavaThread "Refresh Filesets Swing Worker Thread" [_thread_blocked, id=20676, stack(0x000000c4d5600000,0x000000c4d5b00000)]
  0x000001fed2c1a800 JavaThread "SyntheticaAnimation 70" daemon [_thread_blocked, id=29780, stack(0x000000c4d7700000,0x000000c4d7c00000)]
  0x000001fed2c19000 JavaThread "SyntheticaAnimation 25" daemon [_thread_blocked, id=25276, stack(0x000000c4d6d00000,0x000000c4d7200000)]
  0x000001fed2c1e800 JavaThread "SyntheticaAnimation 50" daemon [_thread_blocked, id=19904, stack(0x000000c4d6800000,0x000000c4d6d00000)]
  0x000001fed2c1c000 JavaThread "Monitor HEventQueue Thread" [_thread_blocked, id=9948, stack(0x000000c4d6300000,0x000000c4d6800000)]
  0x000001fed2c1d800 JavaThread "SyntheticaCleanerThread" daemon [_thread_blocked, id=2452, stack(0x000000c4d5b00000,0x000000c4d6000000)]
  0x000001fed2c17800 JavaThread "Batik CleanerThread" daemon [_thread_blocked, id=27500, stack(0x000000c4d4700000,0x000000c4d4c00000)]
=>0x000001fef4e0c800 JavaThread "AWT-EventQueue-1" [_thread_in_native, id=12904, stack(0x000000c4d5100000,0x000000c4d5600000)]
  0x000001fef700a800 JavaThread "Process Messages Thread" [_thread_blocked, id=17676, stack(0x000000c4d4c00000,0x000000c4d5100000)]
  0x000001fef7380800 JavaThread "Thread-1" [_thread_in_native, id=20504, stack(0x000000c4cc700000,0x000000c4cdb00000)]
  0x000001fef50ca800 JavaThread "TimerQueue" daemon [_thread_blocked, id=6300, stack(0x000000c4d3d00000,0x000000c4d4200000)]
  0x000001fef4c7b000 JavaThread "AWT-Windows" daemon [_thread_in_native, id=29716, stack(0x000000c4d3800000,0x000000c4d3d00000)]
  0x000001fef4dd2800 JavaThread "AWT-Shutdown" [_thread_blocked, id=23320, stack(0x000000c4d3300000,0x000000c4d3800000)]
  0x000001fed0428800 JavaThread "Java2D Disposer" daemon [_thread_blocked, id=22504, stack(0x000000c4d2e00000,0x000000c4d3300000)]
  0x000001fecf1d1800 JavaThread "Service Thread" daemon [_thread_blocked, id=9880, stack(0x000000c4d2800000,0x000000c4d2d00000)]
  0x000001fed2c2f800 JavaThread "Common-Cleaner" daemon [_thread_blocked, id=18424, stack(0x000000c4d2300000,0x000000c4d2800000)]
  0x000001fed2c1d000 JavaThread "Sweeper thread" daemon [_thread_blocked, id=8996, stack(0x000000c4d1e00000,0x000000c4d2300000)]
  0x000001fed29d0000 JavaThread "C1 CompilerThread11" daemon [_thread_blocked, id=2036, stack(0x000000c4d1d00000,0x000000c4d1e00000)]
  0x000001fed29cc000 JavaThread "C1 CompilerThread10" daemon [_thread_blocked, id=15864, stack(0x000000c4d1c00000,0x000000c4d1d00000)]
  0x000001fed29d1800 JavaThread "C1 CompilerThread9" daemon [_thread_blocked, id=11584, stack(0x000000c4d1b00000,0x000000c4d1c00000)]
  0x000001fed29ce800 JavaThread "C1 CompilerThread8" daemon [_thread_blocked, id=12264, stack(0x000000c4d1a00000,0x000000c4d1b00000)]
  0x000001fed2c11800 JavaThread "C2 CompilerThread7" daemon [_thread_blocked, id=18264, stack(0x000000c4d1900000,0x000000c4d1a00000)]
  0x000001fed2c0c000 JavaThread "C2 CompilerThread6" daemon [_thread_blocked, id=19064, stack(0x000000c4d1800000,0x000000c4d1900000)]
  0x000001fed2c0b000 JavaThread "C2 CompilerThread5" daemon [_thread_blocked, id=19220, stack(0x000000c4d1700000,0x000000c4d1800000)]
  0x000001fed2c09800 JavaThread "C2 CompilerThread4" daemon [_thread_blocked, id=20500, stack(0x000000c4d1600000,0x000000c4d1700000)]
  0x000001fed2c09000 JavaThread "C2 CompilerThread3" daemon [_thread_blocked, id=11188, stack(0x000000c4d1500000,0x000000c4d1600000)]
  0x000001fed2c08000 JavaThread "C2 CompilerThread2" daemon [_thread_blocked, id=29316, stack(0x000000c4d1400000,0x000000c4d1500000)]
  0x000001fed2c07800 JavaThread "C2 CompilerThread1" daemon [_thread_blocked, id=15368, stack(0x000000c4d1300000,0x000000c4d1400000)]
  0x000001fecffad000 JavaThread "C2 CompilerThread0" daemon [_thread_blocked, id=26308, stack(0x000000c4d1200000,0x000000c4d1300000)]
  0x000001fecffab800 JavaThread "Attach Listener" daemon [_thread_blocked, id=16544, stack(0x000000c4d0d00000,0x000000c4d1200000)]
  0x000001fed5eba800 JavaThread "Signal Dispatcher" daemon [_thread_blocked, id=6860, stack(0x000000c4d0800000,0x000000c4d0d00000)]
  0x000001fed03b2800 JavaThread "Finalizer" daemon [_thread_blocked, id=5904, stack(0x000000c4d0300000,0x000000c4d0800000)]
  0x000001fecef89800 JavaThread "Reference Handler" daemon [_thread_blocked, id=20888, stack(0x000000c4cfe00000,0x000000c4d0300000)]
  0x000001fecc588800 JavaThread "main" [_thread_blocked, id=14696, stack(0x000000c4cc600000,0x000000c4cc700000)]

Other Threads:
  0x000001fecef88800 VMThread "VM Thread" [stack: 0x000000c4cfd00000,0x000000c4cfe00000] [id=18880]
  0x000001fecc924800 WatcherThread [stack: 0x000000c4d2d00000,0x000000c4d2e00000] [id=19360]
  0x000001fed6a80000 GCTaskThread "GC Thread#0" [stack: 0x000000c4cde00000,0x000000c4cdf00000] [id=17400]
  0x000001fecedb1800 GCTaskThread "GC Thread#1" [stack: 0x000000c4cdf00000,0x000000c4ce000000] [id=31684]
  0x000001fecedb2000 GCTaskThread "GC Thread#2" [stack: 0x000000c4ce000000,0x000000c4ce100000] [id=29836]
  0x000001fecedb1000 GCTaskThread "GC Thread#3" [stack: 0x000000c4ce100000,0x000000c4ce200000] [id=30624]
  0x000001fecedb6800 GCTaskThread "GC Thread#4" [stack: 0x000000c4ce200000,0x000000c4ce300000] [id=28740]
  0x000001fecedb3000 GCTaskThread "GC Thread#5" [stack: 0x000000c4ce300000,0x000000c4ce400000] [id=31080]
  0x000001fecedb4000 GCTaskThread "GC Thread#6" [stack: 0x000000c4ce400000,0x000000c4ce500000] [id=31460]
  0x000001fecedb3800 GCTaskThread "GC Thread#7" [stack: 0x000000c4ce500000,0x000000c4ce600000] [id=20044]
  0x000001fecedb4800 GCTaskThread "GC Thread#8" [stack: 0x000000c4ce600000,0x000000c4ce700000] [id=14580]
  0x000001fecedb5800 GCTaskThread "GC Thread#9" [stack: 0x000000c4ce700000,0x000000c4ce800000] [id=18888]
  0x000001fecedb7000 GCTaskThread "GC Thread#10" [stack: 0x000000c4ce800000,0x000000c4ce900000] [id=29692]
  0x000001fecedb0800 GCTaskThread "GC Thread#11" [stack: 0x000000c4ce900000,0x000000c4cea00000] [id=26724]
  0x000001fecedb6000 GCTaskThread "GC Thread#12" [stack: 0x000000c4cea00000,0x000000c4ceb00000] [id=14832]
  0x000001fed2d31800 ConcurrentGCThread "G1 Main Marker" [stack: 0x000000c4cf900000,0x000000c4cfa00000] [id=11996]
  0x000001fed67e7000 ConcurrentGCThread "G1 Marker#0" [stack: 0x000000c4cfa00000,0x000000c4cfb00000] [id=26052]
  0x000001fed67e3000 ConcurrentGCThread "G1 Marker#1" [stack: 0x000000c4cfb00000,0x000000c4cfc00000] [id=25024]
  0x000001fed67e4800 ConcurrentGCThread "G1 Marker#2" [stack: 0x000000c4cfc00000,0x000000c4cfd00000] [id=26292]
  0x000001fed6afe000 ConcurrentGCThread "G1 Refine#0" [stack: 0x000000c4cf700000,0x000000c4cf800000] [id=20916]
  0x000001fecc978000 ConcurrentGCThread "G1 Refine#1" [stack: 0x000000c4cf600000,0x000000c4cf700000] [id=24880]
  0x000001fecc977800 ConcurrentGCThread "G1 Refine#2" [stack: 0x000000c4cf500000,0x000000c4cf600000] [id=27164]
  0x000001fed0177000 ConcurrentGCThread "G1 Refine#3" [stack: 0x000000c4cf400000,0x000000c4cf500000] [id=29400]
  0x000001fed0176800 ConcurrentGCThread "G1 Refine#4" [stack: 0x000000c4cf300000,0x000000c4cf400000] [id=30224]
  0x000001fed2c33800 ConcurrentGCThread "G1 Refine#5" [stack: 0x000000c4cf200000,0x000000c4cf300000] [id=26164]
  0x000001fed67b6800 ConcurrentGCThread "G1 Refine#6" [stack: 0x000000c4cf100000,0x000000c4cf200000] [id=12800]
  0x000001fed67b6000 ConcurrentGCThread "G1 Refine#7" [stack: 0x000000c4cf000000,0x000000c4cf100000] [id=24316]
  0x000001fecee85800 ConcurrentGCThread "G1 Refine#8" [stack: 0x000000c4cef00000,0x000000c4cf000000] [id=20424]
  0x000001fecee84800 ConcurrentGCThread "G1 Refine#9" [stack: 0x000000c4cee00000,0x000000c4cef00000] [id=16768]
  0x000001fecc9e6000 ConcurrentGCThread "G1 Refine#10" [stack: 0x000000c4ced00000,0x000000c4cee00000] [id=30524]
  0x000001fed6723800 ConcurrentGCThread "G1 Refine#11" [stack: 0x000000c4cec00000,0x000000c4ced00000] [id=23436]
  0x000001fed6722800 ConcurrentGCThread "G1 Refine#12" [stack: 0x000000c4ceb00000,0x000000c4cec00000] [id=29884]
  0x000001fecc2ba800 ConcurrentGCThread "G1 Young RemSet Sampling" [stack: 0x000000c4cf800000,0x000000c4cf900000] [id=25084]

Threads with active compile tasks:

VM state:not at safepoint (normal execution)

VM Mutex/Monitor currently owned by a thread: None

Heap address: 0x0000000700000000, size: 3072 MB, Compressed Oops mode: Zero based, Oop shift amount: 3
Narrow klass base: 0x0000000000000000, Narrow klass shift: 3
Compressed class space size: 1073741824 Address: 0x00000007c0000000

Heap:
 garbage-first heap   total 157696K, used 88300K [0x0000000700000000, 0x00000007001004d0, 0x00000007c0000000)
  region size 1024K, 17 young (17408K), 2 survivors (2048K)
 Metaspace       used 80688K, capacity 83299K, committed 88576K, reserved 1126400K
  class space    used 10698K, capacity 11230K, committed 12288K, reserved 1048576K
Heap Regions: E=young(eden), S=young(survivor), O=old, HS=humongous(starts), HC=humongous(continues), CS=collection set, F=free, A=archive, TS=gc time stamp, AC=allocation context, TAMS=top-at-mark-start (previous, next)
|   0|0x0000000700000000, 0x00000007000fc1b8, 0x0000000700100000| 98%| O|  |TS  0|AC  0|TAMS 0x00000007000fc1b8, 0x00000007000fc1b8|
|   1|0x0000000700100000, 0x00000007001dd138, 0x0000000700200000| 86%| O|  |TS  0|AC  0|TAMS 0x00000007001dd138, 0x00000007001dd138|
|   2|0x0000000700200000, 0x00000007002ff438, 0x0000000700300000| 99%| O|  |TS  0|AC  0|TAMS 0x00000007002ff438, 0x00000007002ff438|
|   3|0x0000000700300000, 0x00000007003fde18, 0x0000000700400000| 99%| O|  |TS  0|AC  0|TAMS 0x00000007003fde18, 0x00000007003fde18|
|   4|0x0000000700400000, 0x0000000700500000, 0x0000000700500000|100%|HS|  |TS  0|AC  0|TAMS 0x0000000700500000, 0x0000000700500000|
|   5|0x0000000700500000, 0x0000000700600000, 0x0000000700600000|100%|HC|  |TS  0|AC  0|TAMS 0x0000000700600000, 0x0000000700600000|
|   6|0x0000000700600000, 0x0000000700700000, 0x0000000700700000|100%|HS|  |TS  0|AC  0|TAMS 0x0000000700700000, 0x0000000700700000|
|   7|0x0000000700700000, 0x00000007007ff6b0, 0x0000000700800000| 99%| O|  |TS  0|AC  0|TAMS 0x00000007007ff6b0, 0x00000007007ff6b0|
|   8|0x0000000700800000, 0x00000007008eacb8, 0x0000000700900000| 91%| O|  |TS  0|AC  0|TAMS 0x00000007008eacb8, 0x00000007008eacb8|
|   9|0x0000000700900000, 0x00000007009fffe8, 0x0000000700a00000| 99%| O|  |TS  0|AC  0|TAMS 0x00000007009fffe8, 0x00000007009fffe8|
|  10|0x0000000700a00000, 0x0000000700afffa8, 0x0000000700b00000| 99%| O|  |TS  0|AC  0|TAMS 0x0000000700afffa8, 0x0000000700afffa8|
|  11|0x0000000700b00000, 0x0000000700bffff0, 0x0000000700c00000| 99%| O|  |TS  0|AC  0|TAMS 0x0000000700bffff0, 0x0000000700bffff0|
|  12|0x0000000700c00000, 0x0000000700cffff8, 0x0000000700d00000| 99%| O|  |TS  0|AC  0|TAMS 0x0000000700cffff8, 0x0000000700cffff8|
|  13|0x0000000700d00000, 0x0000000700e00000, 0x0000000700e00000|100%| O|  |TS  0|AC  0|TAMS 0x0000000700e00000, 0x0000000700e00000|
|  14|0x0000000700e00000, 0x0000000700effff8, 0x0000000700f00000| 99%| O|  |TS  0|AC  0|TAMS 0x0000000700effff8, 0x0000000700effff8|
|  15|0x0000000700f00000, 0x0000000700fc30e0, 0x0000000701000000| 76%| O|  |TS  0|AC  0|TAMS 0x0000000700fc30e0, 0x0000000700fc30e0|
|  16|0x0000000701000000, 0x0000000701100000, 0x0000000701100000|100%| O|  |TS  0|AC  0|TAMS 0x0000000701100000, 0x0000000701100000|
|  17|0x0000000701100000, 0x00000007011f5328, 0x0000000701200000| 95%| O|  |TS  0|AC  0|TAMS 0x00000007011f5328, 0x00000007011f5328|
|  18|0x0000000701200000, 0x00000007012fffe8, 0x0000000701300000| 99%| O|  |TS  0|AC  0|TAMS 0x00000007012fffe8, 0x00000007012fffe8|
|  19|0x0000000701300000, 0x00000007013fffe0, 0x0000000701400000| 99%| O|  |TS  0|AC  0|TAMS 0x00000007013fffe0, 0x00000007013fffe0|
|  20|0x0000000701400000, 0x00000007014ffff0, 0x0000000701500000| 99%| O|  |TS  0|AC  0|TAMS 0x00000007014ffff0, 0x00000007014ffff0|
|  21|0x0000000701500000, 0x0000000701600000, 0x0000000701600000|100%|HS|  |TS  0|AC  0|TAMS 0x0000000701600000, 0x0000000701600000|
|  22|0x0000000701600000, 0x00000007016ffff8, 0x0000000701700000| 99%| O|  |TS  0|AC  0|TAMS 0x00000007016ffff8, 0x00000007016ffff8|
|  23|0x0000000701700000, 0x00000007017ffff0, 0x0000000701800000| 99%| O|  |TS  0|AC  0|TAMS 0x00000007017ffff0, 0x00000007017ffff0|
|  24|0x0000000701800000, 0x0000000701900000, 0x0000000701900000|100%| O|  |TS  0|AC  0|TAMS 0x0000000701900000, 0x0000000701900000|
|  25|0x0000000701900000, 0x00000007019fffe8, 0x0000000701a00000| 99%| O|  |TS  0|AC  0|TAMS 0x00000007019fffe8, 0x00000007019fffe8|
|  26|0x0000000701a00000, 0x0000000701affff8, 0x0000000701b00000| 99%| O|  |TS  0|AC  0|TAMS 0x0000000701affff8, 0x0000000701affff8|
|  27|0x0000000701b00000, 0x0000000701bffff0, 0x0000000701c00000| 99%| O|  |TS  0|AC  0|TAMS 0x0000000701bffff0, 0x0000000701bffff0|
|  28|0x0000000701c00000, 0x0000000701cfffd8, 0x0000000701d00000| 99%| O|  |TS  0|AC  0|TAMS 0x0000000701cfffd8, 0x0000000701cfffd8|
|  29|0x0000000701d00000, 0x0000000701dffff0, 0x0000000701e00000| 99%| O|  |TS  0|AC  0|TAMS 0x0000000701dffff0, 0x0000000701dffff0|
|  30|0x0000000701e00000, 0x0000000701efffd0, 0x0000000701f00000| 99%| O|  |TS  0|AC  0|TAMS 0x0000000701efffd0, 0x0000000701efffd0|
|  31|0x0000000701f00000, 0x0000000701ffffc8, 0x0000000702000000| 99%| O|  |TS  0|AC  0|TAMS 0x0000000701ffffc8, 0x0000000701ffffc8|
|  32|0x0000000702000000, 0x00000007020ffff8, 0x0000000702100000| 99%| O|  |TS  0|AC  0|TAMS 0x00000007020ffff8, 0x00000007020ffff8|
|  33|0x0000000702100000, 0x00000007021fffd0, 0x0000000702200000| 99%| O|  |TS  0|AC  0|TAMS 0x00000007021fffd0, 0x00000007021fffd0|
|  34|0x0000000702200000, 0x00000007022fffe8, 0x0000000702300000| 99%| O|  |TS  0|AC  0|TAMS 0x00000007022fffe8, 0x00000007022fffe8|
|  35|0x0000000702300000, 0x00000007023ffd88, 0x0000000702400000| 99%| O|  |TS  0|AC  0|TAMS 0x00000007023ffd88, 0x00000007023ffd88|
|  36|0x0000000702400000, 0x00000007024ffff8, 0x0000000702500000| 99%| O|  |TS  0|AC  0|TAMS 0x00000007024ffff8, 0x00000007024ffff8|
|  37|0x0000000702500000, 0x00000007025fffe8, 0x0000000702600000| 99%| O|  |TS  0|AC  0|TAMS 0x00000007025fffe8, 0x00000007025fffe8|
|  38|0x0000000702600000, 0x00000007026fffb8, 0x0000000702700000| 99%| O|  |TS  0|AC  0|TAMS 0x00000007026fffb8, 0x00000007026fffb8|
|  39|0x0000000702700000, 0x00000007027ffff8, 0x0000000702800000| 99%| O|  |TS  0|AC  0|TAMS 0x00000007027ffff8, 0x00000007027ffff8|
|  40|0x0000000702800000, 0x00000007028ffff0, 0x0000000702900000| 99%| O|  |TS  0|AC  0|TAMS 0x00000007028ffff0, 0x00000007028ffff0|
|  41|0x0000000702900000, 0x00000007029ffde0, 0x0000000702a00000| 99%| O|  |TS  0|AC  0|TAMS 0x00000007029ffde0, 0x00000007029ffde0|
|  42|0x0000000702a00000, 0x0000000702affff8, 0x0000000702b00000| 99%| O|  |TS  0|AC  0|TAMS 0x0000000702affff8, 0x0000000702affff8|
|  43|0x0000000702b00000, 0x0000000702bfffe0, 0x0000000702c00000| 99%| O|  |TS  0|AC  0|TAMS 0x0000000702bfffe0, 0x0000000702bfffe0|
|  44|0x0000000702c00000, 0x0000000702cfffd8, 0x0000000702d00000| 99%| O|  |TS  0|AC  0|TAMS 0x0000000702cfffd8, 0x0000000702cfffd8|
|  45|0x0000000702d00000, 0x0000000702de8ac0, 0x0000000702e00000| 90%| O|  |TS  0|AC  0|TAMS 0x0000000702de8ac0, 0x0000000702de8ac0|
|  46|0x0000000702e00000, 0x0000000702efffc0, 0x0000000702f00000| 99%| O|  |TS  0|AC  0|TAMS 0x0000000702efffc0, 0x0000000702efffc0|
|  47|0x0000000702f00000, 0x0000000703000000, 0x0000000703000000|100%| O|  |TS  0|AC  0|TAMS 0x0000000703000000, 0x0000000703000000|
|  48|0x0000000703000000, 0x0000000703100000, 0x0000000703100000|100%| O|  |TS  0|AC  0|TAMS 0x0000000703100000, 0x0000000703100000|
|  49|0x0000000703100000, 0x0000000703200000, 0x0000000703200000|100%|HS|  |TS  0|AC  0|TAMS 0x0000000703200000, 0x0000000703200000|
|  50|0x0000000703200000, 0x0000000703300000, 0x0000000703300000|100%|HC|  |TS  0|AC  0|TAMS 0x0000000703300000, 0x0000000703300000|
|  51|0x0000000703300000, 0x0000000703400000, 0x0000000703400000|100%|HC|  |TS  0|AC  0|TAMS 0x0000000703400000, 0x0000000703400000|
|  52|0x0000000703400000, 0x0000000703500000, 0x0000000703500000|100%|HC|  |TS  0|AC  0|TAMS 0x0000000703500000, 0x0000000703500000|
|  53|0x0000000703500000, 0x0000000703600000, 0x0000000703600000|100%|HC|  |TS  0|AC  0|TAMS 0x0000000703600000, 0x0000000703600000|
|  54|0x0000000703600000, 0x0000000703700000, 0x0000000703700000|100%|HC|  |TS  0|AC  0|TAMS 0x0000000703700000, 0x0000000703700000|
|  55|0x0000000703700000, 0x0000000703800000, 0x0000000703800000|100%|HC|  |TS  0|AC  0|TAMS 0x0000000703800000, 0x0000000703800000|
|  56|0x0000000703800000, 0x0000000703900000, 0x0000000703900000|100%|HC|  |TS  0|AC  0|TAMS 0x0000000703900000, 0x0000000703900000|
|  57|0x0000000703900000, 0x00000007039fffe8, 0x0000000703a00000| 99%| O|  |TS  0|AC  0|TAMS 0x00000007039fffe8, 0x00000007039fffe8|
|  58|0x0000000703a00000, 0x0000000703affff0, 0x0000000703b00000| 99%| O|  |TS  0|AC  0|TAMS 0x0000000703affff0, 0x0000000703affff0|
|  59|0x0000000703b00000, 0x0000000703bfffc8, 0x0000000703c00000| 99%| O|  |TS  0|AC  0|TAMS 0x0000000703bfffc8, 0x0000000703bfffc8|
|  60|0x0000000703c00000, 0x0000000703d00000, 0x0000000703d00000|100%| O|  |TS  0|AC  0|TAMS 0x0000000703d00000, 0x0000000703d00000|
|  61|0x0000000703d00000, 0x0000000703e00000, 0x0000000703e00000|100%| O|  |TS  0|AC  0|TAMS 0x0000000703e00000, 0x0000000703e00000|
|  62|0x0000000703e00000, 0x0000000703f00000, 0x0000000703f00000|100%| O|  |TS  0|AC  0|TAMS 0x0000000703f00000, 0x0000000703f00000|
|  63|0x0000000703f00000, 0x0000000703fcbab8, 0x0000000704000000| 79%| O|  |TS  0|AC  0|TAMS 0x0000000703fcbab8, 0x0000000703fcbab8|
|  64|0x0000000704000000, 0x0000000704100000, 0x0000000704100000|100%| O|  |TS  0|AC  0|TAMS 0x0000000704100000, 0x0000000704100000|
|  65|0x0000000704100000, 0x0000000704200000, 0x0000000704200000|100%| O|  |TS  0|AC  0|TAMS 0x0000000704200000, 0x0000000704200000|
|  66|0x0000000704200000, 0x0000000704300000, 0x0000000704300000|100%| O|  |TS  0|AC  0|TAMS 0x0000000704300000, 0x0000000704300000|
|  67|0x0000000704300000, 0x0000000704400000, 0x0000000704400000|100%| O|  |TS  0|AC  0|TAMS 0x0000000704400000, 0x0000000704400000|
|  68|0x0000000704400000, 0x0000000704500000, 0x0000000704500000|100%|HS|  |TS  0|AC  0|TAMS 0x0000000704500000, 0x0000000704500000|
|  69|0x0000000704500000, 0x0000000704600000, 0x0000000704600000|100%|HC|  |TS  0|AC  0|TAMS 0x0000000704600000, 0x0000000704600000|
|  70|0x0000000704600000, 0x0000000704700000, 0x0000000704700000|100%| O|  |TS  0|AC  0|TAMS 0x0000000704700000, 0x0000000704700000|
|  71|0x0000000704700000, 0x0000000704731200, 0x0000000704800000| 19%| O|  |TS  1|AC  0|TAMS 0x000000070471e408, 0x000000070471e408|
|  72|0x0000000704800000, 0x0000000704800000, 0x0000000704900000|  0%| F|  |TS  0|AC  0|TAMS 0x0000000704800000, 0x0000000704800000|
|  73|0x0000000704900000, 0x0000000704900000, 0x0000000704a00000|  0%| F|  |TS  0|AC  0|TAMS 0x0000000704900000, 0x0000000704900000|
|  74|0x0000000704a00000, 0x0000000704a00000, 0x0000000704b00000|  0%| F|  |TS  0|AC  0|TAMS 0x0000000704a00000, 0x0000000704a00000|
|  75|0x0000000704b00000, 0x0000000704b00000, 0x0000000704c00000|  0%| F|  |TS  0|AC  0|TAMS 0x0000000704b00000, 0x0000000704b00000|
|  76|0x0000000704c00000, 0x0000000704c00000, 0x0000000704d00000|  0%| F|  |TS  0|AC  0|TAMS 0x0000000704c00000, 0x0000000704c00000|
|  77|0x0000000704d00000, 0x0000000704d00000, 0x0000000704e00000|  0%| F|  |TS  0|AC  0|TAMS 0x0000000704d00000, 0x0000000704d00000|
|  78|0x0000000704e00000, 0x0000000704e00000, 0x0000000704f00000|  0%| F|  |TS  0|AC  0|TAMS 0x0000000704e00000, 0x0000000704e00000|
|  79|0x0000000704f00000, 0x0000000704f00000, 0x0000000705000000|  0%| F|  |TS  0|AC  0|TAMS 0x0000000704f00000, 0x0000000704f00000|
|  80|0x0000000705000000, 0x0000000705000000, 0x0000000705100000|  0%| F|  |TS  0|AC  0|TAMS 0x0000000705000000, 0x0000000705000000|
|  81|0x0000000705100000, 0x0000000705100000, 0x0000000705200000|  0%| F|  |TS  0|AC  0|TAMS 0x0000000705100000, 0x0000000705100000|
|  82|0x0000000705200000, 0x0000000705200000, 0x0000000705300000|  0%| F|  |TS  0|AC  0|TAMS 0x0000000705200000, 0x0000000705200000|
|  83|0x0000000705300000, 0x0000000705300000, 0x0000000705400000|  0%| F|  |TS  0|AC  0|TAMS 0x0000000705300000, 0x0000000705300000|
|  84|0x0000000705400000, 0x0000000705400000, 0x0000000705500000|  0%| F|  |TS  0|AC  0|TAMS 0x0000000705400000, 0x0000000705400000|
|  85|0x0000000705500000, 0x0000000705500000, 0x0000000705600000|  0%| F|  |TS  0|AC  0|TAMS 0x0000000705500000, 0x0000000705500000|
|  86|0x0000000705600000, 0x0000000705600000, 0x0000000705700000|  0%| F|  |TS  0|AC  0|TAMS 0x0000000705600000, 0x0000000705600000|
|  87|0x0000000705700000, 0x0000000705700000, 0x0000000705800000|  0%| F|  |TS  0|AC  0|TAMS 0x0000000705700000, 0x0000000705700000|
|  88|0x0000000705800000, 0x0000000705800000, 0x0000000705900000|  0%| F|  |TS  0|AC  0|TAMS 0x0000000705800000, 0x0000000705800000|
|  89|0x0000000705900000, 0x0000000705900000, 0x0000000705a00000|  0%| F|  |TS  0|AC  0|TAMS 0x0000000705900000, 0x0000000705900000|
|  90|0x0000000705a00000, 0x0000000705a00000, 0x0000000705b00000|  0%| F|  |TS  0|AC  0|TAMS 0x0000000705a00000, 0x0000000705a00000|
|  91|0x0000000705b00000, 0x0000000705b00000, 0x0000000705c00000|  0%| F|  |TS  0|AC  0|TAMS 0x0000000705b00000, 0x0000000705b00000|
|  92|0x0000000705c00000, 0x0000000705c00000, 0x0000000705d00000|  0%| F|  |TS  1|AC  0|TAMS 0x0000000705c00000, 0x0000000705c00000|
|  93|0x0000000705d00000, 0x0000000705ddd598, 0x0000000705e00000| 86%| S|CS|TS  1|AC  0|TAMS 0x0000000705d00000, 0x0000000705d00000|
|  94|0x0000000705e00000, 0x0000000705e00000, 0x0000000705f00000|  0%| F|  |TS  1|AC  0|TAMS 0x0000000705e00000, 0x0000000705e00000|
|  95|0x0000000705f00000, 0x0000000706000000, 0x0000000706000000|100%| S|CS|TS  1|AC  0|TAMS 0x0000000705f00000, 0x0000000705f00000|
|  96|0x0000000706000000, 0x0000000706000000, 0x0000000706100000|  0%| F|  |TS  1|AC  0|TAMS 0x0000000706000000, 0x0000000706000000|
|  97|0x0000000706100000, 0x0000000706100000, 0x0000000706200000|  0%| F|  |TS  1|AC  0|TAMS 0x0000000706100000, 0x0000000706100000|
|  98|0x0000000706200000, 0x0000000706200000, 0x0000000706300000|  0%| F|  |TS  1|AC  0|TAMS 0x0000000706200000, 0x0000000706200000|
|  99|0x0000000706300000, 0x0000000706300000, 0x0000000706400000|  0%| F|  |TS  1|AC  0|TAMS 0x0000000706300000, 0x0000000706300000|
| 100|0x0000000706400000, 0x0000000706400000, 0x0000000706500000|  0%| F|  |TS  1|AC  0|TAMS 0x0000000706400000, 0x0000000706400000|
| 101|0x0000000706500000, 0x0000000706500000, 0x0000000706600000|  0%| F|  |TS  1|AC  0|TAMS 0x0000000706500000, 0x0000000706500000|
| 102|0x0000000706600000, 0x0000000706600000, 0x0000000706700000|  0%| F|  |TS  1|AC  0|TAMS 0x0000000706600000, 0x0000000706600000|
| 103|0x0000000706700000, 0x0000000706700000, 0x0000000706800000|  0%| F|  |TS  1|AC  0|TAMS 0x0000000706700000, 0x0000000706700000|
| 104|0x0000000706800000, 0x0000000706800000, 0x0000000706900000|  0%| F|  |TS  1|AC  0|TAMS 0x0000000706800000, 0x0000000706800000|
| 105|0x0000000706900000, 0x0000000706900000, 0x0000000706a00000|  0%| F|  |TS  1|AC  0|TAMS 0x0000000706900000, 0x0000000706900000|
| 106|0x0000000706a00000, 0x0000000706a00000, 0x0000000706b00000|  0%| F|  |TS  1|AC  0|TAMS 0x0000000706a00000, 0x0000000706a00000|
| 107|0x0000000706b00000, 0x0000000706b00000, 0x0000000706c00000|  0%| F|  |TS  1|AC  0|TAMS 0x0000000706b00000, 0x0000000706b00000|
| 108|0x0000000706c00000, 0x0000000706c00000, 0x0000000706d00000|  0%| F|  |TS  1|AC  0|TAMS 0x0000000706c00000, 0x0000000706c00000|
| 109|0x0000000706d00000, 0x0000000706d00000, 0x0000000706e00000|  0%| F|  |TS  1|AC  0|TAMS 0x0000000706d00000, 0x0000000706d00000|
| 110|0x0000000706e00000, 0x0000000706e00000, 0x0000000706f00000|  0%| F|  |TS  1|AC  0|TAMS 0x0000000706e00000, 0x0000000706e00000|
| 111|0x0000000706f00000, 0x0000000706f00000, 0x0000000707000000|  0%| F|  |TS  1|AC  0|TAMS 0x0000000706f00000, 0x0000000706f00000|
| 112|0x0000000707000000, 0x0000000707000000, 0x0000000707100000|  0%| F|  |TS  1|AC  0|TAMS 0x0000000707000000, 0x0000000707000000|
| 113|0x0000000707100000, 0x0000000707100000, 0x0000000707200000|  0%| F|  |TS  1|AC  0|TAMS 0x0000000707100000, 0x0000000707100000|
| 114|0x0000000707200000, 0x0000000707200000, 0x0000000707300000|  0%| F|  |TS  1|AC  0|TAMS 0x0000000707200000, 0x0000000707200000|
| 115|0x0000000707300000, 0x0000000707300000, 0x0000000707400000|  0%| F|  |TS  1|AC  0|TAMS 0x0000000707300000, 0x0000000707300000|
| 116|0x0000000707400000, 0x0000000707400000, 0x0000000707500000|  0%| F|  |TS  1|AC  0|TAMS 0x0000000707400000, 0x0000000707400000|
| 117|0x0000000707500000, 0x0000000707500000, 0x0000000707600000|  0%| F|  |TS  1|AC  0|TAMS 0x0000000707500000, 0x0000000707500000|
| 118|0x0000000707600000, 0x0000000707600000, 0x0000000707700000|  0%| F|  |TS  1|AC  0|TAMS 0x0000000707600000, 0x0000000707600000|
| 119|0x0000000707700000, 0x0000000707700000, 0x0000000707800000|  0%| F|  |TS  1|AC  0|TAMS 0x0000000707700000, 0x0000000707700000|
| 120|0x0000000707800000, 0x0000000707800000, 0x0000000707900000|  0%| F|  |TS  1|AC  0|TAMS 0x0000000707800000, 0x0000000707800000|
| 121|0x0000000707900000, 0x0000000707900000, 0x0000000707a00000|  0%| F|  |TS  1|AC  0|TAMS 0x0000000707900000, 0x0000000707900000|
| 122|0x0000000707a00000, 0x0000000707a00000, 0x0000000707b00000|  0%| F|  |TS  1|AC  0|TAMS 0x0000000707a00000, 0x0000000707a00000|
| 123|0x0000000707b00000, 0x0000000707b00000, 0x0000000707c00000|  0%| F|  |TS  1|AC  0|TAMS 0x0000000707b00000, 0x0000000707b00000|
| 124|0x0000000707c00000, 0x0000000707c00000, 0x0000000707d00000|  0%| F|  |TS  1|AC  0|TAMS 0x0000000707c00000, 0x0000000707c00000|
| 125|0x0000000707d00000, 0x0000000707d00000, 0x0000000707e00000|  0%| F|  |TS  1|AC  0|TAMS 0x0000000707d00000, 0x0000000707d00000|
| 126|0x0000000707e00000, 0x0000000707e00000, 0x0000000707f00000|  0%| F|  |TS  1|AC  0|TAMS 0x0000000707e00000, 0x0000000707e00000|
| 127|0x0000000707f00000, 0x0000000707f00000, 0x0000000708000000|  0%| F|  |TS  1|AC  0|TAMS 0x0000000707f00000, 0x0000000707f00000|
| 128|0x0000000708000000, 0x0000000708000000, 0x0000000708100000|  0%| F|  |TS  1|AC  0|TAMS 0x0000000708000000, 0x0000000708000000|
| 129|0x0000000708100000, 0x0000000708100000, 0x0000000708200000|  0%| F|  |TS  1|AC  0|TAMS 0x0000000708100000, 0x0000000708100000|
| 130|0x0000000708200000, 0x0000000708200000, 0x0000000708300000|  0%| F|  |TS  1|AC  0|TAMS 0x0000000708200000, 0x0000000708200000|
| 131|0x0000000708300000, 0x0000000708300000, 0x0000000708400000|  0%| F|  |TS  1|AC  0|TAMS 0x0000000708300000, 0x0000000708300000|
| 132|0x0000000708400000, 0x0000000708400000, 0x0000000708500000|  0%| F|  |TS  1|AC  0|TAMS 0x0000000708400000, 0x0000000708400000|
| 133|0x0000000708500000, 0x0000000708500000, 0x0000000708600000|  0%| F|  |TS  1|AC  0|TAMS 0x0000000708500000, 0x0000000708500000|
| 134|0x0000000708600000, 0x0000000708600000, 0x0000000708700000|  0%| F|  |TS  1|AC  0|TAMS 0x0000000708600000, 0x0000000708600000|
| 135|0x0000000708700000, 0x0000000708700000, 0x0000000708800000|  0%| F|  |TS  1|AC  0|TAMS 0x0000000708700000, 0x0000000708700000|
| 136|0x0000000708800000, 0x0000000708800000, 0x0000000708900000|  0%| F|  |TS  1|AC  0|TAMS 0x0000000708800000, 0x0000000708800000|
| 137|0x0000000708900000, 0x0000000708900000, 0x0000000708a00000|  0%| F|  |TS  1|AC  0|TAMS 0x0000000708900000, 0x0000000708900000|
| 138|0x0000000708a00000, 0x0000000708a00000, 0x0000000708b00000|  0%| F|  |TS  1|AC  0|TAMS 0x0000000708a00000, 0x0000000708a00000|
| 139|0x0000000708b00000, 0x0000000708b72ab0, 0x0000000708c00000| 44%| E|  |TS  1|AC  0|TAMS 0x0000000708b00000, 0x0000000708b00000|
| 140|0x0000000708c00000, 0x0000000708d00000, 0x0000000708d00000|100%| E|CS|TS  1|AC  0|TAMS 0x0000000708c00000, 0x0000000708c00000|
| 141|0x0000000708d00000, 0x0000000708e00000, 0x0000000708e00000|100%| E|CS|TS  1|AC  0|TAMS 0x0000000708d00000, 0x0000000708d00000|
| 142|0x0000000708e00000, 0x0000000708f00000, 0x0000000708f00000|100%| E|CS|TS  1|AC  0|TAMS 0x0000000708e00000, 0x0000000708e00000|
| 143|0x0000000708f00000, 0x0000000709000000, 0x0000000709000000|100%| E|CS|TS  1|AC  0|TAMS 0x0000000708f00000, 0x0000000708f00000|
| 144|0x0000000709000000, 0x0000000709100000, 0x0000000709100000|100%| E|CS|TS  1|AC  0|TAMS 0x0000000709000000, 0x0000000709000000|
| 145|0x0000000709100000, 0x0000000709200000, 0x0000000709200000|100%| E|CS|TS  1|AC  0|TAMS 0x0000000709100000, 0x0000000709100000|
| 146|0x0000000709200000, 0x0000000709300000, 0x0000000709300000|100%| E|CS|TS  1|AC  0|TAMS 0x0000000709200000, 0x0000000709200000|
| 147|0x0000000709300000, 0x0000000709400000, 0x0000000709400000|100%| E|CS|TS  1|AC  0|TAMS 0x0000000709300000, 0x0000000709300000|
| 148|0x0000000709400000, 0x0000000709500000, 0x0000000709500000|100%| E|CS|TS  1|AC  0|TAMS 0x0000000709400000, 0x0000000709400000|
| 149|0x0000000709500000, 0x0000000709600000, 0x0000000709600000|100%| E|CS|TS  1|AC  0|TAMS 0x0000000709500000, 0x0000000709500000|
| 150|0x0000000709600000, 0x0000000709700000, 0x0000000709700000|100%| E|CS|TS  1|AC  0|TAMS 0x0000000709600000, 0x0000000709600000|
| 151|0x0000000709700000, 0x0000000709800000, 0x0000000709800000|100%| E|CS|TS  1|AC  0|TAMS 0x0000000709700000, 0x0000000709700000|
| 152|0x0000000709800000, 0x0000000709900000, 0x0000000709900000|100%| E|CS|TS  1|AC  0|TAMS 0x0000000709800000, 0x0000000709800000|
| 153|0x0000000709900000, 0x0000000709a00000, 0x0000000709a00000|100%| E|CS|TS  1|AC  0|TAMS 0x0000000709900000, 0x0000000709900000|

Card table byte_map: [0x000001fed33e0000,0x000001fed39e0000] byte_map_base: 0x000001fecfbe0000

Marking Bits (Prev, Next): (CMBitMap*) 0x000001feceeec9f0, (CMBitMap*) 0x000001feceeeca28
 Prev Bits: [0x000001feec7d0000, 0x000001feef7d0000)
 Next Bits: [0x000001feef7d0000, 0x000001fef27d0000)

Polling page: 0x000001fec91e0000

CodeHeap 'non-profiled nmethods': size=119168Kb used=20746Kb max_used=20746Kb free=98421Kb
 bounds [0x000001fee5370000, 0x000001fee67c0000, 0x000001feec7d0000]
CodeHeap 'profiled nmethods': size=119168Kb used=46124Kb max_used=46124Kb free=73043Kb
 bounds [0x000001feddf10000, 0x000001fee0c60000, 0x000001fee5370000]
CodeHeap 'non-nmethods': size=7424Kb used=3438Kb max_used=3486Kb free=3985Kb
 bounds [0x000001fedd7d0000, 0x000001feddb50000, 0x000001feddf10000]
 total_blobs=32335 nmethods=18076 adapters=1065
 compilation: enabled

Compilation events (10 events):
Event: 3266.491 Thread 0x000001fed29ce800 22459       3       com.jidesoft.editor.SyntaxDocument::beginCompoundEdit (35 bytes)
Event: 3266.492 Thread 0x000001fed29ce800 nmethod 22459 0x000001fee0c54c10 code [0x000001fee0c54e00, 0x000001fee0c553d0]
Event: 3266.493 Thread 0x000001fed29d0000 22460       3       com.jidesoft.editor.SyntaxDocument::endCompoundEdit (55 bytes)
Event: 3266.493 Thread 0x000001fed29d0000 nmethod 22460 0x000001fee0c55590 code [0x000001fee0c557a0, 0x000001fee0c55f40]
Event: 3267.935 Thread 0x000001fed29d1800 22461       3       java.util.LinkedList::get (14 bytes)
Event: 3267.935 Thread 0x000001fed29d1800 nmethod 22461 0x000001fee0c56110 code [0x000001fee0c56300, 0x000001fee0c566f0]
Event: 3268.070 Thread 0x000001fed2c11800 22462       4       java.util.HashSet::isEmpty (8 bytes)
Event: 3268.070 Thread 0x000001fecffad000 22463       4       com.jidesoft.action.CommandBar::isScreenMenuBar (140 bytes)
Event: 3268.070 Thread 0x000001fed2c11800 nmethod 22462 0x000001fee67b2510 code [0x000001fee67b26a0, 0x000001fee67b2718]
Event: 3268.070 Thread 0x000001fecffad000 nmethod 22463 0x000001fee67b2790 code [0x000001fee67b2920, 0x000001fee67b29b8]

GC Heap History (10 events):
Event: 3137.370 GC heap before
{Heap before GC invocations=205 (full 5):
 garbage-first heap   total 157696K, used 132833K [0x0000000700000000, 0x00000007001004d0, 0x00000007c0000000)
  region size 1024K, 60 young (61440K), 2 survivors (2048K)
 Metaspace       used 80633K, capacity 83235K, committed 88576K, reserved 1126400K
  class space    used 10698K, capacity 11230K, committed 12288K, reserved 1048576K
}
Event: 3137.373 GC heap after
{Heap after GC invocations=206 (full 5):
 garbage-first heap   total 157696K, used 73604K [0x0000000700000000, 0x00000007001004d0, 0x00000007c0000000)
  region size 1024K, 2 young (2048K), 2 survivors (2048K)
 Metaspace       used 80633K, capacity 83235K, committed 88576K, reserved 1126400K
  class space    used 10698K, capacity 11230K, committed 12288K, reserved 1048576K
}
Event: 3146.975 GC heap before
{Heap before GC invocations=206 (full 5):
 garbage-first heap   total 157696K, used 132996K [0x0000000700000000, 0x00000007001004d0, 0x00000007c0000000)
  region size 1024K, 60 young (61440K), 2 survivors (2048K)
 Metaspace       used 80658K, capacity 83235K, committed 88576K, reserved 1126400K
  class space    used 10698K, capacity 11230K, committed 12288K, reserved 1048576K
}
Event: 3146.978 GC heap after
{Heap after GC invocations=207 (full 5):
 garbage-first heap   total 157696K, used 73700K [0x0000000700000000, 0x00000007001004d0, 0x00000007c0000000)
  region size 1024K, 2 young (2048K), 2 survivors (2048K)
 Metaspace       used 80658K, capacity 83235K, committed 88576K, reserved 1126400K
  class space    used 10698K, capacity 11230K, committed 12288K, reserved 1048576K
}
Event: 3154.962 GC heap before
{Heap before GC invocations=208 (full 5):
 garbage-first heap   total 157696K, used 133092K [0x0000000700000000, 0x00000007001004d0, 0x00000007c0000000)
  region size 1024K, 60 young (61440K), 2 survivors (2048K)
 Metaspace       used 80670K, capacity 83235K, committed 88576K, reserved 1126400K
  class space    used 10698K, capacity 11230K, committed 12288K, reserved 1048576K
}
Event: 3154.964 GC heap after
{Heap after GC invocations=209 (full 5):
 garbage-first heap   total 157696K, used 73706K [0x0000000700000000, 0x00000007001004d0, 0x00000007c0000000)
  region size 1024K, 2 young (2048K), 2 survivors (2048K)
 Metaspace       used 80670K, capacity 83235K, committed 88576K, reserved 1126400K
  class space    used 10698K, capacity 11230K, committed 12288K, reserved 1048576K
}
Event: 3186.697 GC heap before
{Heap before GC invocations=209 (full 5):
 garbage-first heap   total 157696K, used 133098K [0x0000000700000000, 0x00000007001004d0, 0x00000007c0000000)
  region size 1024K, 60 young (61440K), 2 survivors (2048K)
 Metaspace       used 80685K, capacity 83299K, committed 88576K, reserved 1126400K
  class space    used 10698K, capacity 11230K, committed 12288K, reserved 1048576K
}
Event: 3186.701 GC heap after
{Heap after GC invocations=210 (full 5):
 garbage-first heap   total 157696K, used 73714K [0x0000000700000000, 0x00000007001004d0, 0x00000007c0000000)
  region size 1024K, 2 young (2048K), 2 survivors (2048K)
 Metaspace       used 80685K, capacity 83299K, committed 88576K, reserved 1126400K
  class space    used 10698K, capacity 11230K, committed 12288K, reserved 1048576K
}
Event: 3258.308 GC heap before
{Heap before GC invocations=211 (full 5):
 garbage-first heap   total 157696K, used 133106K [0x0000000700000000, 0x00000007001004d0, 0x00000007c0000000)
  region size 1024K, 60 young (61440K), 2 survivors (2048K)
 Metaspace       used 80687K, capacity 83299K, committed 88576K, reserved 1126400K
  class space    used 10698K, capacity 11230K, committed 12288K, reserved 1048576K
}
Event: 3258.311 GC heap after
{Heap after GC invocations=212 (full 5):
 garbage-first heap   total 157696K, used 73964K [0x0000000700000000, 0x00000007001004d0, 0x00000007c0000000)
  region size 1024K, 2 young (2048K), 2 survivors (2048K)
 Metaspace       used 80687K, capacity 83299K, committed 88576K, reserved 1126400K
  class space    used 10698K, capacity 11230K, committed 12288K, reserved 1048576K
}

Deoptimization events (10 events):
Event: 3084.148 Thread 0x000001fef4e0c800 Uncommon trap: reason=unstable_if action=reinterpret pc=0x000001fee5915568 method=sun.font.StandardGlyphVector.initFontData()V @ 52 c2
Event: 3084.197 Thread 0x000001fef4e0c800 Uncommon trap: reason=class_check action=maybe_recompile pc=0x000001fee5c52c80 method=sun.awt.im.InputMethodContext.dispatchEvent(Ljava/awt/AWTEvent;)V @ 11 c2
Event: 3084.317 Thread 0x000001fef4e0c800 Uncommon trap: reason=class_check action=maybe_recompile pc=0x000001fee5c52c80 method=sun.awt.im.InputMethodContext.dispatchEvent(Ljava/awt/AWTEvent;)V @ 11 c2
Event: 3084.328 Thread 0x000001fef4e0c800 Uncommon trap: reason=unstable_if action=reinterpret pc=0x000001fee5c468e8 method=sun.java2d.marlin.Dasher.lineTo(FF)V @ 124 c2
Event: 3084.892 Thread 0x000001fef4e0c800 Uncommon trap: reason=class_check action=maybe_recompile pc=0x000001fee5c52c80 method=sun.awt.im.InputMethodContext.dispatchEvent(Ljava/awt/AWTEvent;)V @ 11 c2
Event: 3116.097 Thread 0x000001fef4e0c800 Uncommon trap: reason=unstable_if action=reinterpret pc=0x000001fee5a31b50 method=javax.swing.text.GapContent.getPositionsInRange(Ljava/util/Vector;II)Ljava/util/Vector; @ 44 c2
Event: 3116.097 Thread 0x000001fef4e0c800 Uncommon trap: reason=unstable_if action=reinterpret pc=0x000001fee6389f48 method=javax.swing.text.GapVector.close(II)V @ 35 c2
Event: 3119.369 Thread 0x000001fef4e0c800 Uncommon trap: reason=unstable_if action=reinterpret pc=0x000001fee5a67a78 method=javax.swing.text.GapContent.getPositionsInRange(Ljava/util/Vector;II)Ljava/util/Vector; @ 20 c2
Event: 3130.650 Thread 0x000001fef4e0c800 Uncommon trap: reason=unstable_if action=reinterpret pc=0x000001fee670ef10 method=ui.views.V.a.cf.markTokensImpl(BLjavax/swing/text/Segment;I)B @ 72 c2
Event: 3137.368 Thread 0x000001fef4e0c800 Uncommon trap: reason=unstable_if action=reinterpret pc=0x000001fee676d390 method=ui.views.V.a.cf.markTokensImpl(BLjavax/swing/text/Segment;I)B @ 523 c2

Classes redefined (0 events):
No events

Internal exceptions (10 events):
Event: 2917.869 Thread 0x000001fe82b42000 Exception <a 'java/lang/InterruptedException'{0x0000000706f199f8}: sleep interrupted> (0x0000000706f199f8) thrown at [t:/workspace/hotspot/src/share/vm/prims/jvm.cpp, line 2984]
Event: 2923.904 Thread 0x000001fe82b42000 Exception <a 'java/lang/InterruptedException'{0x0000000708700598}: sleep interrupted> (0x0000000708700598) thrown at [t:/workspace/hotspot/src/share/vm/prims/jvm.cpp, line 2984]
Event: 2941.534 Thread 0x000001fef4e0c800 Implicit null exception at 0x000001fee5ff47be to 0x000001fee5ff51ad
Event: 2941.730 Thread 0x000001fef4e0c800 Exception <a 'java/lang/NoSuchMethodError'{0x00000007084caf20}: method resolution failed> (0x00000007084caf20) thrown at [t:/workspace/hotspot/src/share/vm/prims/methodHandles.cpp, line 1256]
Event: 2941.731 Thread 0x000001fef4e0c800 Exception <a 'java/lang/NoSuchMethodError'{0x00000007084d2940}: java.lang.invoke.DirectMethodHandle$Holder.invokeStatic(Ljava/lang/Object;ILjava/lang/Object;Ljava/lang/Object;)Ljava/lang/Object;> (0x00000007084d2940) thrown at [t:/workspace/hotspot/src/sh
Event: 2941.731 Thread 0x000001fef4e0c800 Exception <a 'java/lang/NoSuchMethodError'{0x00000007084d6af8}: java.lang.invoke.DirectMethodHandle$Holder.invokeSpecial(Ljava/lang/Object;Ljava/lang/Object;ILjava/lang/Object;Ljava/lang/Object;)Ljava/lang/Object;> (0x00000007084d6af8) thrown at [t:/works
Event: 2973.936 Thread 0x000001fed2c1b800 Exception <a 'java/lang/InterruptedException'{0x0000000709900ca0}: sleep interrupted> (0x0000000709900ca0) thrown at [t:/workspace/hotspot/src/share/vm/prims/jvm.cpp, line 2984]
Event: 3054.884 Thread 0x000001fef4e0c800 Exception <a 'java/lang/NoSuchMethodError'{0x000000070719a3b8}: java.lang.invoke.DirectMethodHandle$Holder.invokeSpecial(Ljava/lang/Object;Ljava/lang/Object;IILjava/lang/Object;ILjava/lang/Object;Ljava/lang/Object;)Ljava/lang/Object;> (0x000000070719a3b8)
Event: 3054.884 Thread 0x000001fef4e0c800 Exception <a 'java/lang/NoSuchMethodError'{0x000000070719da80}: java.lang.invoke.DelegatingMethodHandle$Holder.reinvoke_L(Ljava/lang/Object;IILjava/lang/Object;ILjava/lang/Object;Ljava/lang/Object;)Ljava/lang/Object;> (0x000000070719da80) thrown at [t:/wo
Event: 3054.885 Thread 0x000001fef4e0c800 Exception <a 'java/lang/NoSuchMethodError'{0x00000007071c9320}: java.lang.invoke.DirectMethodHandle$Holder.invokeSpecial(Ljava/lang/Object;Ljava/lang/Object;Ljava/lang/Object;ILjava/lang/Object;Ljava/lang/Object;)Ljava/lang/Object;> (0x00000007071c9320) t

Events (10 events):
Event: 3268.062 Thread 0x000001fed2c1a000 Thread exited: 0x000001fed2c1a000
Event: 3268.138 Thread 0x000001fe82b42000 Thread exited: 0x000001fe82b42000
Event: 3268.312 Executing VM operation: RevokeBias
Event: 3268.312 Executing VM operation: RevokeBias done
Event: 3268.442 Executing VM operation: RevokeBias
Event: 3268.442 Executing VM operation: RevokeBias done
Event: 3268.569 Thread 0x000001fed2c1b800 Thread added: 0x000001fed2c1b800
Event: 3268.570 Thread 0x000001fed2c1a000 Thread added: 0x000001fed2c1a000
Event: 3268.570 Thread 0x000001fe82b42000 Thread added: 0x000001fe82b42000
Event: 3268.580 Thread 0x000001fed2c1a000 Thread exited: 0x000001fed2c1a000


Dynamic libraries:
0x00007ff719870000 - 0x00007ff7198a0000 	D:\xilinix2\Vivado\2019.2\bin\unwrapped\win64.o\vivado.exe
0x00007ff986930000 - 0x00007ff986b44000 	C:\WINDOWS\SYSTEM32\ntdll.dll
0x00007ff985050000 - 0x00007ff985114000 	C:\WINDOWS\System32\KERNEL32.DLL
0x00007ff984190000 - 0x00007ff984534000 	C:\WINDOWS\System32\KERNELBASE.dll
0x00007ff983db0000 - 0x00007ff983ec1000 	C:\WINDOWS\System32\ucrtbase.dll
0x00007ff96af60000 - 0x00007ff96afee000 	C:\WINDOWS\SYSTEM32\MSVCP140.dll
0x00007ff978120000 - 0x00007ff978134000 	D:\xilinix2\Vivado\2019.2\lib\win64.o\libboost_signals.dll
0x00007ff978100000 - 0x00007ff978116000 	D:\xilinix2\Vivado\2019.2\lib\win64.o\librdi_commonmain.dll
0x00007ff986740000 - 0x00007ff9868dc000 	C:\WINDOWS\System32\ole32.dll
0x00007ff983d10000 - 0x00007ff983daa000 	C:\WINDOWS\System32\msvcp_win.dll
0x00007ff96ada0000 - 0x00007ff96adbb000 	C:\WINDOWS\SYSTEM32\VCRUNTIME140.dll
0x00007ff90c9a0000 - 0x00007ff90d8e3000 	D:\xilinix2\Vivado\2019.2\lib\win64.o\librdi_common.dll
0x00007ff96af00000 - 0x00007ff96af0c000 	C:\WINDOWS\SYSTEM32\VCRUNTIME140_1.dll
0x00007ff9855f0000 - 0x00007ff985619000 	C:\WINDOWS\System32\GDI32.dll
0x00007ff983ff0000 - 0x00007ff984016000 	C:\WINDOWS\System32\win32u.dll
0x00007ff975c10000 - 0x00007ff975c36000 	D:\xilinix2\Vivado\2019.2\lib\win64.o\libboost_filesystem.dll
0x00007ff984be0000 - 0x00007ff984d8a000 	C:\WINDOWS\System32\USER32.dll
0x00007ff985ab0000 - 0x00007ff985b60000 	C:\WINDOWS\System32\ADVAPI32.dll
0x00007ff983ed0000 - 0x00007ff983fe9000 	C:\WINDOWS\System32\gdi32full.dll
0x00007ff984810000 - 0x00007ff9848b7000 	C:\WINDOWS\System32\msvcrt.dll
0x00007ff985c60000 - 0x00007ff986476000 	C:\WINDOWS\System32\SHELL32.dll
0x00007ff97d920000 - 0x00007ff97d92a000 	D:\xilinix2\Vivado\2019.2\lib\win64.o\librdi_commonversion.dll
0x00007ff984e40000 - 0x00007ff984ee6000 	C:\WINDOWS\System32\sechost.dll
0x00007ff985120000 - 0x00007ff9854aa000 	C:\WINDOWS\System32\combase.dll
0x00007ff9846f0000 - 0x00007ff984807000 	C:\WINDOWS\System32\RPCRT4.dll
0x00007ff930930000 - 0x00007ff930ad1000 	D:\xilinix2\Vivado\2019.2\lib\win64.o\librdi_commonxillic.dll
0x00007ff986530000 - 0x00007ff9865a1000 	C:\WINDOWS\System32\WS2_32.dll
0x0000000057e30000 - 0x0000000057f5b000 	D:\xilinix2\Vivado\2019.2\lib\win64.o\tcl85t.dll
0x00007ff976460000 - 0x00007ff976474000 	D:\xilinix2\Vivado\2019.2\lib\win64.o\libboost_date_time.dll
0x00007ff90f700000 - 0x00007ff90fa6e000 	D:\xilinix2\Vivado\2019.2\lib\win64.o\libCOIN-all.dll
0x00007ff94d6d0000 - 0x00007ff94d7e4000 	D:\xilinix2\Vivado\2019.2\lib\win64.o\libboost_regex.dll
0x00007ff9765c0000 - 0x00007ff9765cf000 	D:\xilinix2\Vivado\2019.2\lib\win64.o\libboost_xilinx.dll
0x00007ff950d00000 - 0x00007ff950d7f000 	D:\xilinix2\Vivado\2019.2\lib\win64.o\libboost_program_options.dll
0x00007ff97bb30000 - 0x00007ff97bb3b000 	D:\xilinix2\Vivado\2019.2\lib\win64.o\libboost_system.dll
0x00007ff975be0000 - 0x00007ff975c01000 	D:\xilinix2\Vivado\2019.2\lib\win64.o\libboost_thread.dll
0x00007ff938f30000 - 0x00007ff938fd5000 	D:\xilinix2\Vivado\2019.2\lib\win64.o\libhdxml.dll
0x00007ff9363c0000 - 0x00007ff936442000 	D:\xilinix2\Vivado\2019.2\lib\win64.o\libhdlpsolve.dll
0x00007ff972820000 - 0x00007ff97284e000 	D:\xilinix2\Vivado\2019.2\lib\win64.o\libisl_sysinfo.dll
0x00007ff90e880000 - 0x00007ff90f47c200 	D:\xilinix2\Vivado\2019.2\lib\win64.o\libisl_iostreams.dll
0x00007ff975b90000 - 0x00007ff975baa000 	D:\xilinix2\Vivado\2019.2\lib\win64.o\pthreadVC2.dll
0x00007ff95b100000 - 0x00007ff95b165000 	D:\xilinix2\Vivado\2019.2\lib\win64.o\liblmx6.0.dll
0x00007ff975960000 - 0x00007ff97597c000 	D:\xilinix2\Vivado\2019.2\lib\win64.o\librdiconfig.dll
0x00007ff9727f0000 - 0x00007ff972811000 	D:\xilinix2\Vivado\2019.2\lib\win64.o\librdizlib.dll
0x0000000012000000 - 0x0000000012270000 	D:\xilinix2\Vivado\2019.2\lib\win64.o\xerces-c_3_1.dll
0x00007ff96c3a0000 - 0x00007ff96c3b9000 	C:\WINDOWS\SYSTEM32\NETAPI32.dll
0x00007ff972e70000 - 0x00007ff973364000 	C:\WINDOWS\SYSTEM32\WININET.dll
0x00007ff97c4d0000 - 0x00007ff97c607000 	C:\WINDOWS\SYSTEM32\WINHTTP.dll
0x00007ff974660000 - 0x00007ff974850000 	C:\WINDOWS\SYSTEM32\urlmon.dll
0x00007ff972360000 - 0x00007ff972369000 	C:\WINDOWS\SYSTEM32\WSOCK32.dll
0x00007ff96ee80000 - 0x00007ff96eeb1000 	C:\WINDOWS\SYSTEM32\VCOMP140.DLL
0x00007ff983650000 - 0x00007ff983678000 	C:\WINDOWS\SYSTEM32\bcrypt.dll
0x00007ff8ebae0000 - 0x00007ff8ec971000 	D:\xilinix2\Vivado\2019.2\lib\win64.o\gurobi65.dll
0x00007ff90c6c0000 - 0x00007ff90c99b000 	D:\xilinix2\Vivado\2019.2\lib\win64.o\libXil_lmgr11.dll
0x00007ff984f50000 - 0x00007ff985047000 	C:\WINDOWS\System32\COMDLG32.dll
0x00007ff9854f0000 - 0x00007ff9855e3000 	C:\WINDOWS\System32\shcore.dll
0x00007ff9865b0000 - 0x00007ff98660e000 	C:\WINDOWS\System32\SHLWAPI.dll
0x00007ff976580000 - 0x00007ff97658d000 	D:\xilinix2\Vivado\2019.2\lib\win64.o\libboost_chrono.dll
0x00007ff9748f0000 - 0x00007ff97490b000 	D:\xilinix2\Vivado\2019.2\lib\win64.o\libboost_iostreams.dll
0x00007ff984930000 - 0x00007ff984a07000 	C:\WINDOWS\System32\OLEAUT32.dll
0x00007ff96d7b0000 - 0x00007ff96d7d5000 	D:\xilinix2\Vivado\2019.2\lib\win64.o\libisl_iosutils.dll
0x00007ff984540000 - 0x00007ff9845ab000 	C:\WINDOWS\System32\WINTRUST.dll
0x00007ff984020000 - 0x00007ff984187000 	C:\WINDOWS\System32\CRYPT32.dll
0x00007ff974370000 - 0x00007ff97462c000 	C:\WINDOWS\SYSTEM32\iertutil.dll
0x00007ff982820000 - 0x00007ff98282c000 	C:\WINDOWS\SYSTEM32\netutils.dll
0x00007ff974630000 - 0x00007ff974659000 	C:\WINDOWS\SYSTEM32\srvcli.dll
0x00007ff965a30000 - 0x00007ff965ae3000 	C:\WINDOWS\WinSxS\amd64_microsoft.windows.common-controls_6595b64144ccf1df_5.82.22621.608_none_fb280a3c7926c2cc\COMCTL32.dll
0x00007ff97c300000 - 0x00007ff97c31f000 	C:\WINDOWS\SYSTEM32\dhcpcsvc.DLL
0x00007ff9854b0000 - 0x00007ff9854e1000 	C:\WINDOWS\System32\IMM32.DLL
0x00007ff983480000 - 0x00007ff983492000 	C:\WINDOWS\SYSTEM32\MSASN1.dll
0x00007ff982d00000 - 0x00007ff982d18000 	C:\WINDOWS\SYSTEM32\kernel.appcore.dll
0x00007ff8fe9f0000 - 0x00007ff8fef07000 	D:\xilinix2\Vivado\2019.2\lib\win64.o\librdi_commontasks.dll
0x0000000057400000 - 0x0000000057e25000 	D:\xilinix2\Vivado\2019.2\tps\win64\jre9.0.4\bin\server\jvm.dll
0x00007ff97a970000 - 0x00007ff97a97a000 	C:\WINDOWS\SYSTEM32\VERSION.dll
0x00007ff8ff860000 - 0x00007ff8ffb43000 	D:\xilinix2\Vivado\2019.2\lib\win64.o\librdi_sio.dll
0x00007ff984bd0000 - 0x00007ff984bd8000 	C:\WINDOWS\System32\PSAPI.DLL
0x00007ff9808d0000 - 0x00007ff980904000 	C:\WINDOWS\SYSTEM32\WINMM.dll
0x00007ff96acb0000 - 0x00007ff96ad9f000 	C:\WINDOWS\SYSTEM32\MSVCR120.dll
0x00007ff982830000 - 0x00007ff98285d000 	C:\WINDOWS\SYSTEM32\IPHLPAPI.DLL
0x00007ff9831d0000 - 0x00007ff983239000 	C:\WINDOWS\SYSTEM32\MSWSOCK.DLL
0x00007ff981ce0000 - 0x00007ff9825ca000 	C:\WINDOWS\SYSTEM32\windows.storage.dll
0x00007ff981ba0000 - 0x00007ff981cde000 	C:\WINDOWS\SYSTEM32\wintypes.dll
0x00007ff8b7c30000 - 0x00007ff8ba375000 	D:\xilinix2\Vivado\2019.2\lib\win64.o\librdi_tcltasks.dll
0x00007ff8f6260000 - 0x00007ff8f6714000 	D:\xilinix2\Vivado\2019.2\lib\win64.o\librdi_bitstream.dll
0x00007ff9336a0000 - 0x00007ff93371b000 	D:\xilinix2\Vivado\2019.2\lib\win64.o\librdi_boarddep.dll
0x00007ff90e720000 - 0x00007ff90e872000 	D:\xilinix2\Vivado\2019.2\lib\win64.o\librdi_cd_client.dll
0x00007ff90dc10000 - 0x00007ff90ddad000 	D:\xilinix2\Vivado\2019.2\lib\win64.o\librdi_board.dll
0x00007ff90c500000 - 0x00007ff90c6c0000 	D:\xilinix2\Vivado\2019.2\lib\win64.o\librdi_chipscopeimpl.dll
0x00007ff910b40000 - 0x00007ff910c2f000 	D:\xilinix2\Vivado\2019.2\lib\win64.o\librdi_chipscope.dll
0x00007ff8eb1f0000 - 0x00007ff8eb514000 	D:\xilinix2\Vivado\2019.2\lib\win64.o\librdi_containers.dll
0x00007ff8e66e0000 - 0x00007ff8e81ba000 	D:\xilinix2\Vivado\2019.2\lib\win64.o\librdi_constraints.dll
0x00007ff8b3960000 - 0x00007ff8b7c2b000 	D:\xilinix2\Vivado\2019.2\lib\win64.o\librdi_designutils.dll
0x00007ff8eaea0000 - 0x00007ff8eb1ea000 	D:\xilinix2\Vivado\2019.2\lib\win64.o\librdi_dlyest.dll
0x00007ff8ea8d0000 - 0x00007ff8eae9d000 	D:\xilinix2\Vivado\2019.2\lib\win64.o\librdi_drc.dll
0x00007ff90fad0000 - 0x00007ff90fb94000 	D:\xilinix2\Vivado\2019.2\lib\win64.o\librdi_dsp.dll
0x00007ff8ea1f0000 - 0x00007ff8ea8c9000 	D:\xilinix2\Vivado\2019.2\lib\win64.o\librdi_coregenipxact.dll
0x00007ff8b1970000 - 0x00007ff8b3960000 	D:\xilinix2\Vivado\2019.2\lib\win64.o\librdi_coregen.dll
0x00007ff8e63d0000 - 0x00007ff8e66e0000 	D:\xilinix2\Vivado\2019.2\lib\win64.o\librdi_guitools.dll
0x00007ff94c240000 - 0x00007ff94c2aa000 	D:\xilinix2\Vivado\2019.2\lib\win64.o\librdi_hdf.dll
0x00007ff8e5370000 - 0x00007ff8e59db000 	D:\xilinix2\Vivado\2019.2\lib\win64.o\librdi_filemgmt.dll
0x00007ff90d9b0000 - 0x00007ff90daf8000 	D:\xilinix2\Vivado\2019.2\lib\win64.o\librdi_hip_perf_analysis.dll
0x00007ff904e00000 - 0x00007ff905020000 	D:\xilinix2\Vivado\2019.2\lib\win64.o\librdi_hip_devdesign.dll
0x00007ff89cdc0000 - 0x00007ff8b196b000 	D:\xilinix2\Vivado\2019.2\lib\win64.o\librdi_device.dll
0x00007ff92f160000 - 0x00007ff92f1d4000 	D:\xilinix2\Vivado\2019.2\lib\win64.o\librdi_memoryarray.dll
0x00007ff8e4d30000 - 0x00007ff8e5361000 	D:\xilinix2\Vivado\2019.2\lib\win64.o\librdi_memdata.dll
0x00007ff8d0530000 - 0x00007ff8d1c9d000 	D:\xilinix2\Vivado\2019.2\lib\win64.o\librdi_implflow.dll
0x00007ff94d440000 - 0x00007ff94d48c000 	D:\xilinix2\Vivado\2019.2\lib\win64.o\librdi_pfi.dll
0x00007ff8e4640000 - 0x00007ff8e4d23000 	D:\xilinix2\Vivado\2019.2\lib\win64.o\librdi_netlist.dll
0x00007ff899ff0000 - 0x00007ff89cdbb000 	D:\xilinix2\Vivado\2019.2\lib\win64.o\librdi_mig.dll
0x00007ff8e60b0000 - 0x00007ff8e63cb000 	D:\xilinix2\Vivado\2019.2\lib\win64.o\librdi_platform.dll
0x00007ff8997e0000 - 0x00007ff899feb000 	D:\xilinix2\Vivado\2019.2\lib\win64.o\librdi_power.dll
0x00007ff899220000 - 0x00007ff8997da000 	D:\xilinix2\Vivado\2019.2\lib\win64.o\librdi_project.dll
0x00007ff896950000 - 0x00007ff899217000 	D:\xilinix2\Vivado\2019.2\lib\win64.o\librdi_place.dll
0x00007ff896280000 - 0x00007ff896941000 	D:\xilinix2\Vivado\2019.2\lib\win64.o\librdi_rsb.dll
0x00007ff895b40000 - 0x00007ff896273000 	D:\xilinix2\Vivado\2019.2\lib\win64.o\librdi_psta.dll
0x00007ff907580000 - 0x00007ff907688000 	D:\xilinix2\Vivado\2019.2\lib\win64.o\librdi_runsbase.dll
0x00007ff903d50000 - 0x00007ff903fc5000 	D:\xilinix2\Vivado\2019.2\lib\win64.o\librdi_simdata.dll
0x00007ff895710000 - 0x00007ff895b33000 	D:\xilinix2\Vivado\2019.2\lib\win64.o\librdi_runs.dll
0x00007ff9003b0000 - 0x00007ff900550000 	D:\xilinix2\Vivado\2019.2\lib\win64.o\librdi_cd_protocol.dll
0x00007ff8fd1f0000 - 0x00007ff8fd391000 	D:\xilinix2\Vivado\2019.2\lib\win64.o\librdi_advchipscopeimpl.dll
0x00007ff894880000 - 0x00007ff89570d000 	D:\xilinix2\Vivado\2019.2\lib\win64.o\librdi_timing.dll
0x00007ff94c320000 - 0x00007ff94c36c000 	D:\xilinix2\Vivado\2019.2\lib\win64.o\libboost_serialization.dll
0x00007ff90f620000 - 0x00007ff90f6f7000 	D:\xilinix2\Vivado\2019.2\lib\win64.o\librdi_ipconfig_readwrite.dll
0x00007ff93aef0000 - 0x00007ff93af3a000 	D:\xilinix2\Vivado\2019.2\lib\win64.o\librdi_noc_frameworks.dll
0x00007ff90e680000 - 0x00007ff90e71e000 	D:\xilinix2\Vivado\2019.2\lib\win64.o\libise.dll
0x00007ff894330000 - 0x00007ff89487e000 	D:\xilinix2\Vivado\2019.2\lib\win64.o\librdi_xdm.dll
0x00007ff8f5890000 - 0x00007ff8f5a74000 	D:\xilinix2\Vivado\2019.2\lib\win64.o\librdi_hip_config.dll
0x00007ff939b50000 - 0x00007ff939b9a000 	D:\xilinix2\Vivado\2019.2\lib\win64.o\librdi_wavedata_SimpleApi.dll
0x00007ff893d10000 - 0x00007ff89432b000 	D:\xilinix2\Vivado\2019.2\lib\win64.o\librdi_wavedata.dll

VM Arguments:
jvm_args: -Dsun.java2d.pmoffscreen=false -Dsun.java2d.xrender=false -Dsun.java2d.d3d=false -Dsun.awt.nopixfmt=true -Dsun.java2d.dpiaware=true -Dsun.java2d.uiScale.enabled=false -Xverify:none -Dswing.aatext=true -XX:-UsePerfData -Djdk.map.althashing.threshold=512 -XX:StringTableSize=4072 --add-opens=java.base/java.nio=ALL-UNNAMED --add-opens=java.desktop/sun.swing=ALL-UNNAMED --add-opens=java.desktop/javax.swing=ALL-UNNAMED --add-opens=java.desktop/javax.swing.tree=ALL-UNNAMED --add-opens=java.desktop/javax.swing.plaf.basic=ALL-UNNAMED --add-opens=java.desktop/javax.swing.plaf.synth=ALL-UNNAMED --add-opens=java.desktop/com.sun.awt=ALL-UNNAMED -XX:NewSize=60m -XX:MaxNewSize=60m -Xms128m -Xmx3072m -Xss5m 
java_command: <unknown>
java_class_path (initial): D:/xilinix2/Vivado/2019.2\lib\classes\alloy.jar;D:/xilinix2/Vivado/2019.2\lib\classes\autoesl-common.jar;D:/xilinix2/Vivado/2019.2\lib\classes\autoesl-models.jar;D:/xilinix2/Vivado/2019.2\lib\classes\autoesl-report.jar;D:/xilinix2/Vivado/2019.2\lib\classes\autopilot.scelaborator.jar;D:/xilinix2/Vivado/2019.2\lib\classes\autopilot.sourceprocessor.jar;D:/xilinix2/Vivado/2019.2\lib\classes\autopilot.tbprocessor.jar;D:/xilinix2/Vivado/2019.2\lib\classes\batik-anim.jar;D:/xilinix2/Vivado/2019.2\lib\classes\batik-awt-util.jar;D:/xilinix2/Vivado/2019.2\lib\classes\batik-bridge.jar;D:/xilinix2/Vivado/2019.2\lib\classes\batik-codec.jar;D:/xilinix2/Vivado/2019.2\lib\classes\batik-css.jar;D:/xilinix2/Vivado/2019.2\lib\classes\batik-dom.jar;D:/xilinix2/Vivado/2019.2\lib\classes\batik-ext.jar;D:/xilinix2/Vivado/2019.2\lib\classes\batik-gui-util.jar;D:/xilinix2/Vivado/2019.2\lib\classes\batik-gvt.jar;D:/xilinix2/Vivado/2019.2\lib\classes\batik-parser.jar;D:/xilinix2/Vivado/2019.2\lib\classes\batik-script.jar;D:/xilinix2/Vivado/2019.2\lib\classes\batik-svg-dom.jar;D:/xilinix2/Vivado/2019.2\lib\classes\batik-swing.jar;D:/xilinix2/Vivado/2019.2\lib\classes\batik-transcoder.jar;D:/xilinix2/Vivado/2019.2\lib\classes\batik-util.jar;D:/xilinix2/Vivado/2019.2\lib\classes\batik-xml.jar;D:/xilinix2/Vivado/2019.2\lib\classes\com.google.gson_2.7.0.v20170129-0911.jar;D:/xilinix2/Vivado/2019.2\lib\classes\com.google.guava_21.0.0.v20170206-1425.jar;D:/xilinix2/Vivado/2019.2\lib\classes\com.ibm.icu_4.4.2.v20110208.jar;D:/xilinix2/Vivado/2019.2\lib\classes\com.sigasi.hdt.connection_4.5.0.201909241521.jar;D:/xilinix2/Vivado/2019.2\lib\classes\com.sigasi.hdt.epl_4.5.0.201909241521.jar;D:/xilinix2/Vivado/2019.2\lib\classes\com.sigasi.hdt.project_4.5.0.201909241521.jar;D:/xilinix2/Vivado/2019.2\lib\classes\com.sigasi.hdt.readonlyfilesystem_4.5.0.201909241521.jar;D:/xilinix2/Vivado/2019.2\lib\classes\com.sigasi.lcm_4.5.0.201909241521.jar;D:/xilinix2/Vivado/2019.2\lib\class
Launcher Type: generic

Logging:
Log output configuration:
#0: stdout all=warning uptime,level,tags
#1: stderr all=off uptime,level,tags

Environment Variables:
JAVA_HOME=D:\ProgrammingEnvironment\JavaEnviroment\19
CLASSPATH=D:\ProgrammingEnvironment\JavaEnviroment\jdk-17.0.1\bin\;D:\ProgrammingEnvironment\antlr\antlr-4.7.2-complete.jar
PATH=D:/xilinix2/Vivado/2019.2/bin;D:/xilinix2/Vivado/2019.2/lib/win64.o;D:/xilinix2/Vivado/2019.2/tps/win64/jre9.0.4/bin/server;D:/xilinix2/Vivado/2019.2/tps/win64/jre9.0.4/bin;D:/xilinix2/Vivado/2019.2/ids_lite/ISE/bin/nt64;D:/xilinix2/Vivado/2019.2/ids_lite/ISE/lib/nt64;D:\software\VMware\bin\;C:\Windows\System64;D:\ProgrammingEnvironment\apache-maven-3.6.1\bin;D:\ProgrammingEnvironment\JavaEnviroment\19\bin;D:\ProgrammingEnvironment\JavaEnviroment\19\jre\bin;C:\Program Files\MySQL\MySQL Server 5.7\bin;D:\ProgrammingEnvironment\MinGW\bin;C:\Program Files\Common Files\Oracle\Java\javapath;C:\WINDOWS\system32;C:\WINDOWS;C:\WINDOWS\System32\Wbem;C:\WINDOWS\System32\WindowsPowerShell\v1.0\;C:\WINDOWS\System32\OpenSSH\;C:\Program Files\Bandizip\;D:\Oracle\XShell\;D:\ProgrammingEnvironment\Nasm;D:\ProgrammingSoftwares\node16\;C:\Program Files\MongoDB\Server\6.0\bin;D:\ProgrammingEnvironment\ruby\bin;C:\ghcup\bin;D:\ProgrammingEnvironment\ClionSTM\gcc-arm-none-eabi-9-2019-q4-major-win32\bin;D:\ProgrammingEnvironment\ClionSTM\OpenOCD-20211118-0.11.0\bin;D:\ProgrammingEnvironment\ClionSTM\mingw64\bin;D:\ProgrammingEnvironment\antlr;D:\ProgrammingEnvironment\Git\cmd;D:\ProgrammingSoftwares\redis\;D:\ProgrammingEnvironment\xampp\php;C:\ProgramData\ComposerSetup\bin;C:\Program Files\dotnet\;C:\Users\tvh10\AppData\Local\Programs\Python\Python310\Scripts\;C:\Users\tvh10\AppData\Local\Programs\Python\Python310\;D:\anaconda3;D:\anaconda3\Library\mingw-w64\bin;D:\anaconda3\Library\usr\bin;D:\anaconda3\Library\bin;D:\anaconda3\Scripts;C:\Users\tvh10\AppData\Local\Microsoft\WindowsApps;C:\MinGW\bin;D:\ProgrammingSoftwares\jetBrain\IntelliJ IDEA Community Edition 2022.2.3\bin;;C:\Users\tvh10\AppData\Local\GitHubDesktop\bin;C:\Users\tvh10\AppData\Roaming\npm;D:\ProgrammingSoftwares\Microsoft VS Code\bin;D:\ProgrammingSoftwares\jetBrain\CLion 2022.3.3\bin;C:\Users\tvh10\AppData\Roaming\Composer\vendor\bin;D:/xilinix2/Vivado/2019.2\tps\mingw\6.2.0\win64.o\nt\bin;D:/xilinix2/Vivado/2019.2\
USERNAME=tanvihang
OS=Windows_NT
PROCESSOR_IDENTIFIER=AMD64 Family 23 Model 96 Stepping 1, AuthenticAMD



---------------  S Y S T E M  ---------------

OS: Windows 10 , 64 bit Build 22621 (10.0.22621.2070)

CPU:total 16 (initial active 16) (16 cores per cpu, 1 threads per core) family 23 model 96 stepping 1, cmov, cx8, fxsr, mmx, sse, sse2, sse3, ssse3, sse4.1, sse4.2, popcnt, avx, avx2, aes, clmul, mmxext, 3dnowpref, lzcnt, sse4a, tsc, tscinvbit, tscinv, bmi1

Memory: 4k page, physical 16119108k(4553256k free), swap 24507716k(5994460k free)

vm_info: Java HotSpot(TM) 64-Bit Server VM (9.0.4+11) for windows-amd64 JRE (9.0.4+11), built on Dec 20 2017 02:18:54 by "mach5one" with MS VC++ 12.0 (VS2013)

END.
