#-----------------------------------------------------------
# Vivado v2019.2 (64-bit)
# SW Build 2708876 on Wed Nov  6 21:40:23 MST 2019
# IP Build 2700528 on Thu Nov  7 00:09:20 MST 2019
# Start of session at: Fri Aug 25 12:49:19 2023
# Process ID: 18268
# Current directory: C:/Users/tvh10/Desktop/lab3/single_cycle
# Command line: vivado.exe -gui_launcher_event rodinguilauncherevent17972 C:\Users\tvh10\Desktop\lab3\single_cycle\single_cycle.xpr
# Log file: C:/Users/tvh10/Desktop/lab3/single_cycle/vivado.log
# Journal file: C:/Users/tvh10/Desktop/lab3/single_cycle\vivado.jou
#-----------------------------------------------------------
start_gui
open_project C:/Users/tvh10/Desktop/lab3/single_cycle/single_cycle.xpr
INFO: [Project 1-313] Project file moved from 'C:/Users/CHKB/Desktop/新建文件夹/lab3/single_cycle' since last save.
Scanning sources...
Finished scanning sources
WARNING: [filemgmt 56-2] IPUserFilesDir: Could not find the directory 'C:/Users/tvh10/Desktop/lab3/single_cycle/single_cycle.ip_user_files', nor could it be found using path 'C:/Users/CHKB/Desktop/新建文件夹/lab3/single_cycle/single_cycle.ip_user_files'.
INFO: [IP_Flow 19-234] Refreshing IP repositories
INFO: [IP_Flow 19-1704] No user IP repositories specified
INFO: [IP_Flow 19-2313] Loaded Vivado IP repository 'D:/xilinix2/Vivado/2019.2/data/ip'.
open_project: Time (s): cpu = 00:00:02 ; elapsed = 00:00:06 . Memory (MB): peak = 760.488 ; gain = 67.957
update_compile_order -fileset sources_1
close [ open C:/Users/tvh10/Desktop/lab3/single_cycle/single_cycle.srcs/sources_1/new/defines.v w ]
add_files C:/Users/tvh10/Desktop/lab3/single_cycle/single_cycle.srcs/sources_1/new/defines.v
update_compile_order -fileset sources_1
export_ip_user_files -of_objects  [get_files C:/Users/tvh10/Desktop/lab3/single_cycle/single_cycle.srcs/sources_1/new/defines.v] -no_script -reset -force -quiet
remove_files  C:/Users/tvh10/Desktop/lab3/single_cycle/single_cycle.srcs/sources_1/new/defines.v
file delete -force C:/Users/tvh10/Desktop/lab3/single_cycle/single_cycle.srcs/sources_1/new/defines.v
remove_files  C:/Users/tvh10/Desktop/lab3/single_cycle/single_cycle.srcs/sources_1/new/defines.v
WARNING: [Vivado 12-818] No files matched 'C:/Users/tvh10/Desktop/lab3/single_cycle/single_cycle.srcs/sources_1/new/defines.v'
close [ open C:/Users/tvh10/Desktop/lab3/single_cycle/single_cycle.srcs/sources_1/new/defines.v w ]
add_files C:/Users/tvh10/Desktop/lab3/single_cycle/single_cycle.srcs/sources_1/new/defines.v
update_compile_order -fileset sources_1
close [ open C:/Users/tvh10/Desktop/lab3/single_cycle/single_cycle.srcs/sources_1/new/pc_reg.v w ]
add_files C:/Users/tvh10/Desktop/lab3/single_cycle/single_cycle.srcs/sources_1/new/pc_reg.v
update_compile_order -fileset sources_1
set_property is_global_include true [get_files  C:/Users/tvh10/Desktop/lab3/single_cycle/single_cycle.srcs/sources_1/new/defines.v]
set_property is_global_include false [get_files  C:/Users/tvh10/Desktop/lab3/single_cycle/single_cycle.srcs/sources_1/new/defines.v]
set_property is_global_include true [get_files  C:/Users/tvh10/Desktop/lab3/single_cycle/single_cycle.srcs/sources_1/new/defines.v]
set_property is_global_include false [get_files  C:/Users/tvh10/Desktop/lab3/single_cycle/single_cycle.srcs/sources_1/new/defines.v]
export_ip_user_files -of_objects  [get_files C:/Users/tvh10/Desktop/lab3/single_cycle/single_cycle.srcs/sources_1/new/pc_reg.v] -no_script -reset -force -quiet
remove_files  C:/Users/tvh10/Desktop/lab3/single_cycle/single_cycle.srcs/sources_1/new/pc_reg.v
file delete -force C:/Users/tvh10/Desktop/lab3/single_cycle/single_cycle.srcs/sources_1/new/pc_reg.v
remove_files  C:/Users/tvh10/Desktop/lab3/single_cycle/single_cycle.srcs/sources_1/new/pc_reg.v
WARNING: [Vivado 12-818] No files matched 'C:/Users/tvh10/Desktop/lab3/single_cycle/single_cycle.srcs/sources_1/new/pc_reg.v'
close [ open C:/Users/tvh10/Desktop/lab3/single_cycle/single_cycle.srcs/sources_1/new/pc_reg.v w ]
add_files C:/Users/tvh10/Desktop/lab3/single_cycle/single_cycle.srcs/sources_1/new/pc_reg.v
update_compile_order -fileset sources_1
close [ open C:/Users/tvh10/Desktop/lab3/single_cycle/single_cycle.srcs/sources_1/new/a.v w ]
add_files C:/Users/tvh10/Desktop/lab3/single_cycle/single_cycle.srcs/sources_1/new/a.v
update_compile_order -fileset sources_1
export_ip_user_files -of_objects  [get_files C:/Users/tvh10/Desktop/lab3/single_cycle/single_cycle.srcs/sources_1/new/a.v] -no_script -reset -force -quiet
remove_files  C:/Users/tvh10/Desktop/lab3/single_cycle/single_cycle.srcs/sources_1/new/a.v
file delete -force C:/Users/tvh10/Desktop/lab3/single_cycle/single_cycle.srcs/sources_1/new/a.v
remove_files  C:/Users/tvh10/Desktop/lab3/single_cycle/single_cycle.srcs/sources_1/new/a.v
WARNING: [Vivado 12-818] No files matched 'C:/Users/tvh10/Desktop/lab3/single_cycle/single_cycle.srcs/sources_1/new/a.v'
export_ip_user_files -of_objects  [get_files C:/Users/tvh10/Desktop/lab3/single_cycle/single_cycle.srcs/sources_1/new/single_cycle.v] -no_script -reset -force -quiet
remove_files  C:/Users/tvh10/Desktop/lab3/single_cycle/single_cycle.srcs/sources_1/new/single_cycle.v
file delete -force C:/Users/tvh10/Desktop/lab3/single_cycle/single_cycle.srcs/sources_1/new/single_cycle.v
remove_files  C:/Users/tvh10/Desktop/lab3/single_cycle/single_cycle.srcs/sources_1/new/single_cycle.v
WARNING: [Vivado 12-818] No files matched 'C:/Users/tvh10/Desktop/lab3/single_cycle/single_cycle.srcs/sources_1/new/single_cycle.v'
export_ip_user_files -of_objects  [get_files C:/Users/tvh10/Desktop/lab3/single_cycle/single_cycle.srcs/sources_1/new/pc_reg.v] -no_script -reset -force -quiet
remove_files  C:/Users/tvh10/Desktop/lab3/single_cycle/single_cycle.srcs/sources_1/new/pc_reg.v
export_ip_user_files -of_objects  [get_files C:/Users/tvh10/Desktop/lab3/single_cycle/single_cycle.srcs/sources_1/new/defines.v] -no_script -reset -force -quiet
remove_files  C:/Users/tvh10/Desktop/lab3/single_cycle/single_cycle.srcs/sources_1/new/defines.v
close [ open C:/Users/tvh10/Desktop/lab3/single_cycle/single_cycle.srcs/sources_1/new/defines.v w ]
add_files C:/Users/tvh10/Desktop/lab3/single_cycle/single_cycle.srcs/sources_1/new/defines.v
update_compile_order -fileset sources_1
WARNING: [filemgmt 56-199] Attempt to get parsing info during refresh. "On-the-fly" syntax checking information may be incorrect. [C:\Users\tvh10\Desktop\lab3\single_cycle\single_cycle.srcs\sources_1\new\single_cycle.v:]
WARNING: [filemgmt 56-199] Attempt to get parsing info during refresh. "On-the-fly" syntax checking information may be incorrect. [C:\Users\tvh10\Desktop\lab3\single_cycle\single_cycle.srcs\sources_1\new\defines.v:]
WARNING: [filemgmt 56-199] Attempt to get parsing info during refresh. "On-the-fly" syntax checking information may be incorrect. [C:\Users\tvh10\Desktop\lab3\single_cycle\single_cycle.srcs\sources_1\new\pc_reg.v:]
WARNING: [filemgmt 56-199] Attempt to get parsing info during refresh. "On-the-fly" syntax checking information may be incorrect. [C:\Users\tvh10\Desktop\lab3\single_cycle\single_cycle.srcs\sources_1\new\single_cycle.v:]
WARNING: [filemgmt 56-199] Attempt to get parsing info during refresh. "On-the-fly" syntax checking information may be incorrect. [C:\Users\tvh10\Desktop\lab3\single_cycle\single_cycle.srcs\sources_1\new\defines.v:]
WARNING: [filemgmt 56-199] Attempt to get parsing info during refresh. "On-the-fly" syntax checking information may be incorrect. [C:\Users\tvh10\Desktop\lab3\single_cycle\single_cycle.srcs\sources_1\new\pc_reg.v:]
ERROR: [Common 17-180] Spawn failed: No such file or directory
WARNING: [filemgmt 56-199] Attempt to get parsing info during refresh. "On-the-fly" syntax checking information may be incorrect. [C:\Users\tvh10\Desktop\lab3\single_cycle\single_cycle.srcs\sources_1\new\single_cycle.v:]
WARNING: [filemgmt 56-199] Attempt to get parsing info during refresh. "On-the-fly" syntax checking information may be incorrect. [C:\Users\tvh10\Desktop\lab3\single_cycle\single_cycle.srcs\sources_1\new\defines.v:]
WARNING: [filemgmt 56-199] Attempt to get parsing info during refresh. "On-the-fly" syntax checking information may be incorrect. [C:\Users\tvh10\Desktop\lab3\single_cycle\single_cycle.srcs\sources_1\new\pc_reg.v:]
WARNING: [filemgmt 56-199] Attempt to get parsing info during refresh. "On-the-fly" syntax checking information may be incorrect. [C:\Users\tvh10\Desktop\lab3\single_cycle\single_cycle.srcs\sources_1\new\single_cycle.v:]
WARNING: [filemgmt 56-199] Attempt to get parsing info during refresh. "On-the-fly" syntax checking information may be incorrect. [C:\Users\tvh10\Desktop\lab3\single_cycle\single_cycle.srcs\sources_1\new\defines.v:]
WARNING: [filemgmt 56-199] Attempt to get parsing info during refresh. "On-the-fly" syntax checking information may be incorrect. [C:\Users\tvh10\Desktop\lab3\single_cycle\single_cycle.srcs\sources_1\new\pc_reg.v:]
ERROR: [Common 17-180] Spawn failed: No such file or directory
WARNING: [filemgmt 56-199] Attempt to get parsing info during refresh. "On-the-fly" syntax checking information may be incorrect. [C:\Users\tvh10\Desktop\lab3\single_cycle\single_cycle.srcs\sources_1\new\single_cycle.v:]
WARNING: [filemgmt 56-199] Attempt to get parsing info during refresh. "On-the-fly" syntax checking information may be incorrect. [C:\Users\tvh10\Desktop\lab3\single_cycle\single_cycle.srcs\sources_1\new\defines.v:]
WARNING: [filemgmt 56-199] Attempt to get parsing info during refresh. "On-the-fly" syntax checking information may be incorrect. [C:\Users\tvh10\Desktop\lab3\single_cycle\single_cycle.srcs\sources_1\new\pc_reg.v:]
WARNING: [filemgmt 56-199] Attempt to get parsing info during refresh. "On-the-fly" syntax checking information may be incorrect. [C:\Users\tvh10\Desktop\lab3\single_cycle\single_cycle.srcs\sources_1\new\single_cycle.v:]
WARNING: [filemgmt 56-199] Attempt to get parsing info during refresh. "On-the-fly" syntax checking information may be incorrect. [C:\Users\tvh10\Desktop\lab3\single_cycle\single_cycle.srcs\sources_1\new\defines.v:]
WARNING: [filemgmt 56-199] Attempt to get parsing info during refresh. "On-the-fly" syntax checking information may be incorrect. [C:\Users\tvh10\Desktop\lab3\single_cycle\single_cycle.srcs\sources_1\new\pc_reg.v:]
ERROR: [Common 17-180] Spawn failed: No such file or directory
WARNING: [filemgmt 56-199] Attempt to get parsing info during refresh. "On-the-fly" syntax checking information may be incorrect. [C:\Users\tvh10\Desktop\lab3\single_cycle\single_cycle.srcs\sources_1\new\single_cycle.v:]
WARNING: [filemgmt 56-199] Attempt to get parsing info during refresh. "On-the-fly" syntax checking information may be incorrect. [C:\Users\tvh10\Desktop\lab3\single_cycle\single_cycle.srcs\sources_1\new\defines.v:]
WARNING: [filemgmt 56-199] Attempt to get parsing info during refresh. "On-the-fly" syntax checking information may be incorrect. [C:\Users\tvh10\Desktop\lab3\single_cycle\single_cycle.srcs\sources_1\new\pc_reg.v:]
WARNING: [filemgmt 56-199] Attempt to get parsing info during refresh. "On-the-fly" syntax checking information may be incorrect. [C:\Users\tvh10\Desktop\lab3\single_cycle\single_cycle.srcs\sources_1\new\single_cycle.v:]
WARNING: [filemgmt 56-199] Attempt to get parsing info during refresh. "On-the-fly" syntax checking information may be incorrect. [C:\Users\tvh10\Desktop\lab3\single_cycle\single_cycle.srcs\sources_1\new\defines.v:]
WARNING: [filemgmt 56-199] Attempt to get parsing info during refresh. "On-the-fly" syntax checking information may be incorrect. [C:\Users\tvh10\Desktop\lab3\single_cycle\single_cycle.srcs\sources_1\new\pc_reg.v:]
ERROR: [Common 17-180] Spawn failed: No such file or directory
WARNING: [filemgmt 56-199] Attempt to get parsing info during refresh. "On-the-fly" syntax checking information may be incorrect. [C:\Users\tvh10\Desktop\lab3\single_cycle\single_cycle.srcs\sources_1\new\single_cycle.v:]
WARNING: [filemgmt 56-199] Attempt to get parsing info during refresh. "On-the-fly" syntax checking information may be incorrect. [C:\Users\tvh10\Desktop\lab3\single_cycle\single_cycle.srcs\sources_1\new\defines.v:]
WARNING: [filemgmt 56-199] Attempt to get parsing info during refresh. "On-the-fly" syntax checking information may be incorrect. [C:\Users\tvh10\Desktop\lab3\single_cycle\single_cycle.srcs\sources_1\new\pc_reg.v:]
WARNING: [filemgmt 56-199] Attempt to get parsing info during refresh. "On-the-fly" syntax checking information may be incorrect. [C:\Users\tvh10\Desktop\lab3\single_cycle\single_cycle.srcs\sources_1\new\single_cycle.v:]
WARNING: [filemgmt 56-199] Attempt to get parsing info during refresh. "On-the-fly" syntax checking information may be incorrect. [C:\Users\tvh10\Desktop\lab3\single_cycle\single_cycle.srcs\sources_1\new\defines.v:]
WARNING: [filemgmt 56-199] Attempt to get parsing info during refresh. "On-the-fly" syntax checking information may be incorrect. [C:\Users\tvh10\Desktop\lab3\single_cycle\single_cycle.srcs\sources_1\new\pc_reg.v:]
ERROR: [Common 17-180] Spawn failed: No such file or directory
WARNING: [filemgmt 56-199] Attempt to get parsing info during refresh. "On-the-fly" syntax checking information may be incorrect. [C:\Users\tvh10\Desktop\lab3\single_cycle\single_cycle.srcs\sources_1\new\single_cycle.v:]
WARNING: [filemgmt 56-199] Attempt to get parsing info during refresh. "On-the-fly" syntax checking information may be incorrect. [C:\Users\tvh10\Desktop\lab3\single_cycle\single_cycle.srcs\sources_1\new\defines.v:]
WARNING: [filemgmt 56-199] Attempt to get parsing info during refresh. "On-the-fly" syntax checking information may be incorrect. [C:\Users\tvh10\Desktop\lab3\single_cycle\single_cycle.srcs\sources_1\new\pc_reg.v:]
WARNING: [filemgmt 56-199] Attempt to get parsing info during refresh. "On-the-fly" syntax checking information may be incorrect. [C:\Users\tvh10\Desktop\lab3\single_cycle\single_cycle.srcs\sources_1\new\single_cycle.v:]
WARNING: [filemgmt 56-199] Attempt to get parsing info during refresh. "On-the-fly" syntax checking information may be incorrect. [C:\Users\tvh10\Desktop\lab3\single_cycle\single_cycle.srcs\sources_1\new\defines.v:]
WARNING: [filemgmt 56-199] Attempt to get parsing info during refresh. "On-the-fly" syntax checking information may be incorrect. [C:\Users\tvh10\Desktop\lab3\single_cycle\single_cycle.srcs\sources_1\new\pc_reg.v:]
ERROR: [Common 17-180] Spawn failed: No such file or directory
WARNING: [filemgmt 56-199] Attempt to get parsing info during refresh. "On-the-fly" syntax checking information may be incorrect. [C:\Users\tvh10\Desktop\lab3\single_cycle\single_cycle.srcs\sources_1\new\single_cycle.v:]
WARNING: [filemgmt 56-199] Attempt to get parsing info during refresh. "On-the-fly" syntax checking information may be incorrect. [C:\Users\tvh10\Desktop\lab3\single_cycle\single_cycle.srcs\sources_1\new\defines.v:]
WARNING: [filemgmt 56-199] Attempt to get parsing info during refresh. "On-the-fly" syntax checking information may be incorrect. [C:\Users\tvh10\Desktop\lab3\single_cycle\single_cycle.srcs\sources_1\new\pc_reg.v:]
WARNING: [filemgmt 56-199] Attempt to get parsing info during refresh. "On-the-fly" syntax checking information may be incorrect. [C:\Users\tvh10\Desktop\lab3\single_cycle\single_cycle.srcs\sources_1\new\single_cycle.v:]
WARNING: [filemgmt 56-199] Attempt to get parsing info during refresh. "On-the-fly" syntax checking information may be incorrect. [C:\Users\tvh10\Desktop\lab3\single_cycle\single_cycle.srcs\sources_1\new\defines.v:]
WARNING: [filemgmt 56-199] Attempt to get parsing info during refresh. "On-the-fly" syntax checking information may be incorrect. [C:\Users\tvh10\Desktop\lab3\single_cycle\single_cycle.srcs\sources_1\new\pc_reg.v:]
WARNING: [filemgmt 56-199] Attempt to get parsing info during refresh. "On-the-fly" syntax checking information may be incorrect. [C:\Users\tvh10\Desktop\lab3\single_cycle\single_cycle.srcs\sources_1\new\single_cycle.v:]
WARNING: [filemgmt 56-199] Attempt to get parsing info during refresh. "On-the-fly" syntax checking information may be incorrect. [C:\Users\tvh10\Desktop\lab3\single_cycle\single_cycle.srcs\sources_1\new\defines.v:]
WARNING: [filemgmt 56-199] Attempt to get parsing info during refresh. "On-the-fly" syntax checking information may be incorrect. [C:\Users\tvh10\Desktop\lab3\single_cycle\single_cycle.srcs\sources_1\new\pc_reg.v:]
WARNING: [filemgmt 56-199] Attempt to get parsing info during refresh. "On-the-fly" syntax checking information may be incorrect. [C:\Users\tvh10\Desktop\lab3\single_cycle\single_cycle.srcs\sources_1\new\single_cycle.v:]
WARNING: [filemgmt 56-199] Attempt to get parsing info during refresh. "On-the-fly" syntax checking information may be incorrect. [C:\Users\tvh10\Desktop\lab3\single_cycle\single_cycle.srcs\sources_1\new\defines.v:]
WARNING: [filemgmt 56-199] Attempt to get parsing info during refresh. "On-the-fly" syntax checking information may be incorrect. [C:\Users\tvh10\Desktop\lab3\single_cycle\single_cycle.srcs\sources_1\new\pc_reg.v:]
WARNING: [filemgmt 56-199] Attempt to get parsing info during refresh. "On-the-fly" syntax checking information may be incorrect. [C:\Users\tvh10\Desktop\lab3\single_cycle\single_cycle.srcs\sources_1\new\single_cycle.v:]
WARNING: [filemgmt 56-199] Attempt to get parsing info during refresh. "On-the-fly" syntax checking information may be incorrect. [C:\Users\tvh10\Desktop\lab3\single_cycle\single_cycle.srcs\sources_1\new\defines.v:]
WARNING: [filemgmt 56-199] Attempt to get parsing info during refresh. "On-the-fly" syntax checking information may be incorrect. [C:\Users\tvh10\Desktop\lab3\single_cycle\single_cycle.srcs\sources_1\new\pc_reg.v:]
WARNING: [filemgmt 56-199] Attempt to get parsing info during refresh. "On-the-fly" syntax checking information may be incorrect. [C:\Users\tvh10\Desktop\lab3\single_cycle\single_cycle.srcs\sources_1\new\single_cycle.v:]
WARNING: [filemgmt 56-199] Attempt to get parsing info during refresh. "On-the-fly" syntax checking information may be incorrect. [C:\Users\tvh10\Desktop\lab3\single_cycle\single_cycle.srcs\sources_1\new\defines.v:]
WARNING: [filemgmt 56-199] Attempt to get parsing info during refresh. "On-the-fly" syntax checking information may be incorrect. [C:\Users\tvh10\Desktop\lab3\single_cycle\single_cycle.srcs\sources_1\new\pc_reg.v:]
WARNING: [filemgmt 56-199] Attempt to get parsing info during refresh. "On-the-fly" syntax checking information may be incorrect. [C:\Users\tvh10\Desktop\lab3\single_cycle\single_cycle.srcs\sources_1\new\single_cycle.v:]
WARNING: [filemgmt 56-199] Attempt to get parsing info during refresh. "On-the-fly" syntax checking information may be incorrect. [C:\Users\tvh10\Desktop\lab3\single_cycle\single_cycle.srcs\sources_1\new\defines.v:]
WARNING: [filemgmt 56-199] Attempt to get parsing info during refresh. "On-the-fly" syntax checking information may be incorrect. [C:\Users\tvh10\Desktop\lab3\single_cycle\single_cycle.srcs\sources_1\new\pc_reg.v:]
WARNING: [filemgmt 56-199] Attempt to get parsing info during refresh. "On-the-fly" syntax checking information may be incorrect. [C:\Users\tvh10\Desktop\lab3\single_cycle\single_cycle.srcs\sources_1\new\single_cycle.v:]
WARNING: [filemgmt 56-199] Attempt to get parsing info during refresh. "On-the-fly" syntax checking information may be incorrect. [C:\Users\tvh10\Desktop\lab3\single_cycle\single_cycle.srcs\sources_1\new\defines.v:]
WARNING: [filemgmt 56-199] Attempt to get parsing info during refresh. "On-the-fly" syntax checking information may be incorrect. [C:\Users\tvh10\Desktop\lab3\single_cycle\single_cycle.srcs\sources_1\new\pc_reg.v:]
ERROR: [Common 17-180] Spawn failed: No such file or directory
WARNING: [filemgmt 56-199] Attempt to get parsing info during refresh. "On-the-fly" syntax checking information may be incorrect. [C:\Users\tvh10\Desktop\lab3\single_cycle\single_cycle.srcs\sources_1\new\single_cycle.v:]
WARNING: [filemgmt 56-199] Attempt to get parsing info during refresh. "On-the-fly" syntax checking information may be incorrect. [C:\Users\tvh10\Desktop\lab3\single_cycle\single_cycle.srcs\sources_1\new\defines.v:]
WARNING: [filemgmt 56-199] Attempt to get parsing info during refresh. "On-the-fly" syntax checking information may be incorrect. [C:\Users\tvh10\Desktop\lab3\single_cycle\single_cycle.srcs\sources_1\new\pc_reg.v:]
ERROR: [Common 17-180] Spawn failed: No such file or directory
WARNING: [filemgmt 56-199] Attempt to get parsing info during refresh. "On-the-fly" syntax checking information may be incorrect. [C:\Users\tvh10\Desktop\lab3\single_cycle\single_cycle.srcs\sources_1\new\single_cycle.v:]
WARNING: [filemgmt 56-199] Attempt to get parsing info during refresh. "On-the-fly" syntax checking information may be incorrect. [C:\Users\tvh10\Desktop\lab3\single_cycle\single_cycle.srcs\sources_1\new\defines.v:]
WARNING: [filemgmt 56-199] Attempt to get parsing info during refresh. "On-the-fly" syntax checking information may be incorrect. [C:\Users\tvh10\Desktop\lab3\single_cycle\single_cycle.srcs\sources_1\new\pc_reg.v:]
WARNING: [filemgmt 56-199] Attempt to get parsing info during refresh. "On-the-fly" syntax checking information may be incorrect. [C:\Users\tvh10\Desktop\lab3\single_cycle\single_cycle.srcs\sources_1\new\single_cycle.v:]
WARNING: [filemgmt 56-199] Attempt to get parsing info during refresh. "On-the-fly" syntax checking information may be incorrect. [C:\Users\tvh10\Desktop\lab3\single_cycle\single_cycle.srcs\sources_1\new\defines.v:]
WARNING: [filemgmt 56-199] Attempt to get parsing info during refresh. "On-the-fly" syntax checking information may be incorrect. [C:\Users\tvh10\Desktop\lab3\single_cycle\single_cycle.srcs\sources_1\new\pc_reg.v:]
ERROR: [Common 17-180] Spawn failed: No such file or directory
WARNING: [filemgmt 56-199] Attempt to get parsing info during refresh. "On-the-fly" syntax checking information may be incorrect. [C:\Users\tvh10\Desktop\lab3\single_cycle\single_cycle.srcs\sources_1\new\single_cycle.v:]
WARNING: [filemgmt 56-199] Attempt to get parsing info during refresh. "On-the-fly" syntax checking information may be incorrect. [C:\Users\tvh10\Desktop\lab3\single_cycle\single_cycle.srcs\sources_1\new\defines.v:]
WARNING: [filemgmt 56-199] Attempt to get parsing info during refresh. "On-the-fly" syntax checking information may be incorrect. [C:\Users\tvh10\Desktop\lab3\single_cycle\single_cycle.srcs\sources_1\new\pc_reg.v:]
WARNING: [filemgmt 56-199] Attempt to get parsing info during refresh. "On-the-fly" syntax checking information may be incorrect. [C:\Users\tvh10\Desktop\lab3\single_cycle\single_cycle.srcs\sources_1\new\single_cycle.v:]
WARNING: [filemgmt 56-199] Attempt to get parsing info during refresh. "On-the-fly" syntax checking information may be incorrect. [C:\Users\tvh10\Desktop\lab3\single_cycle\single_cycle.srcs\sources_1\new\defines.v:]
WARNING: [filemgmt 56-199] Attempt to get parsing info during refresh. "On-the-fly" syntax checking information may be incorrect. [C:\Users\tvh10\Desktop\lab3\single_cycle\single_cycle.srcs\sources_1\new\pc_reg.v:]
ERROR: [Common 17-180] Spawn failed: No such file or directory
WARNING: [filemgmt 56-199] Attempt to get parsing info during refresh. "On-the-fly" syntax checking information may be incorrect. [C:\Users\tvh10\Desktop\lab3\single_cycle\single_cycle.srcs\sources_1\new\single_cycle.v:]
WARNING: [filemgmt 56-199] Attempt to get parsing info during refresh. "On-the-fly" syntax checking information may be incorrect. [C:\Users\tvh10\Desktop\lab3\single_cycle\single_cycle.srcs\sources_1\new\defines.v:]
WARNING: [filemgmt 56-199] Attempt to get parsing info during refresh. "On-the-fly" syntax checking information may be incorrect. [C:\Users\tvh10\Desktop\lab3\single_cycle\single_cycle.srcs\sources_1\new\pc_reg.v:]
WARNING: [filemgmt 56-199] Attempt to get parsing info during refresh. "On-the-fly" syntax checking information may be incorrect. [C:\Users\tvh10\Desktop\lab3\single_cycle\single_cycle.srcs\sources_1\new\single_cycle.v:]
WARNING: [filemgmt 56-199] Attempt to get parsing info during refresh. "On-the-fly" syntax checking information may be incorrect. [C:\Users\tvh10\Desktop\lab3\single_cycle\single_cycle.srcs\sources_1\new\defines.v:]
WARNING: [filemgmt 56-199] Attempt to get parsing info during refresh. "On-the-fly" syntax checking information may be incorrect. [C:\Users\tvh10\Desktop\lab3\single_cycle\single_cycle.srcs\sources_1\new\pc_reg.v:]
ERROR: [Common 17-180] Spawn failed: No such file or directory
WARNING: [filemgmt 56-199] Attempt to get parsing info during refresh. "On-the-fly" syntax checking information may be incorrect. [C:\Users\tvh10\Desktop\lab3\single_cycle\single_cycle.srcs\sources_1\new\single_cycle.v:]
WARNING: [filemgmt 56-199] Attempt to get parsing info during refresh. "On-the-fly" syntax checking information may be incorrect. [C:\Users\tvh10\Desktop\lab3\single_cycle\single_cycle.srcs\sources_1\new\defines.v:]
WARNING: [filemgmt 56-199] Attempt to get parsing info during refresh. "On-the-fly" syntax checking information may be incorrect. [C:\Users\tvh10\Desktop\lab3\single_cycle\single_cycle.srcs\sources_1\new\pc_reg.v:]
WARNING: [filemgmt 56-199] Attempt to get parsing info during refresh. "On-the-fly" syntax checking information may be incorrect. [C:\Users\tvh10\Desktop\lab3\single_cycle\single_cycle.srcs\sources_1\new\single_cycle.v:]
WARNING: [filemgmt 56-199] Attempt to get parsing info during refresh. "On-the-fly" syntax checking information may be incorrect. [C:\Users\tvh10\Desktop\lab3\single_cycle\single_cycle.srcs\sources_1\new\defines.v:]
WARNING: [filemgmt 56-199] Attempt to get parsing info during refresh. "On-the-fly" syntax checking information may be incorrect. [C:\Users\tvh10\Desktop\lab3\single_cycle\single_cycle.srcs\sources_1\new\pc_reg.v:]
WARNING: [filemgmt 56-199] Attempt to get parsing info during refresh. "On-the-fly" syntax checking information may be incorrect. [C:\Users\tvh10\Desktop\lab3\single_cycle\single_cycle.srcs\sources_1\new\single_cycle.v:]
WARNING: [filemgmt 56-199] Attempt to get parsing info during refresh. "On-the-fly" syntax checking information may be incorrect. [C:\Users\tvh10\Desktop\lab3\single_cycle\single_cycle.srcs\sources_1\new\defines.v:]
WARNING: [filemgmt 56-199] Attempt to get parsing info during refresh. "On-the-fly" syntax checking information may be incorrect. [C:\Users\tvh10\Desktop\lab3\single_cycle\single_cycle.srcs\sources_1\new\pc_reg.v:]
WARNING: [filemgmt 56-199] Attempt to get parsing info during refresh. "On-the-fly" syntax checking information may be incorrect. [C:\Users\tvh10\Desktop\lab3\single_cycle\single_cycle.srcs\sources_1\new\single_cycle.v:]
WARNING: [filemgmt 56-199] Attempt to get parsing info during refresh. "On-the-fly" syntax checking information may be incorrect. [C:\Users\tvh10\Desktop\lab3\single_cycle\single_cycle.srcs\sources_1\new\defines.v:]
WARNING: [filemgmt 56-199] Attempt to get parsing info during refresh. "On-the-fly" syntax checking information may be incorrect. [C:\Users\tvh10\Desktop\lab3\single_cycle\single_cycle.srcs\sources_1\new\pc_reg.v:]
ERROR: [Common 17-180] Spawn failed: No such file or directory
WARNING: [filemgmt 56-199] Attempt to get parsing info during refresh. "On-the-fly" syntax checking information may be incorrect. [C:\Users\tvh10\Desktop\lab3\single_cycle\single_cycle.srcs\sources_1\new\single_cycle.v:]
WARNING: [filemgmt 56-199] Attempt to get parsing info during refresh. "On-the-fly" syntax checking information may be incorrect. [C:\Users\tvh10\Desktop\lab3\single_cycle\single_cycle.srcs\sources_1\new\defines.v:]
WARNING: [filemgmt 56-199] Attempt to get parsing info during refresh. "On-the-fly" syntax checking information may be incorrect. [C:\Users\tvh10\Desktop\lab3\single_cycle\single_cycle.srcs\sources_1\new\pc_reg.v:]
ERROR: [Common 17-180] Spawn failed: No such file or directory
WARNING: [filemgmt 56-199] Attempt to get parsing info during refresh. "On-the-fly" syntax checking information may be incorrect. [C:\Users\tvh10\Desktop\lab3\single_cycle\single_cycle.srcs\sources_1\new\single_cycle.v:]
WARNING: [filemgmt 56-199] Attempt to get parsing info during refresh. "On-the-fly" syntax checking information may be incorrect. [C:\Users\tvh10\Desktop\lab3\single_cycle\single_cycle.srcs\sources_1\new\defines.v:]
WARNING: [filemgmt 56-199] Attempt to get parsing info during refresh. "On-the-fly" syntax checking information may be incorrect. [C:\Users\tvh10\Desktop\lab3\single_cycle\single_cycle.srcs\sources_1\new\pc_reg.v:]
WARNING: [filemgmt 56-199] Attempt to get parsing info during refresh. "On-the-fly" syntax checking information may be incorrect. [C:\Users\tvh10\Desktop\lab3\single_cycle\single_cycle.srcs\sources_1\new\single_cycle.v:]
INFO: [Common 17-14] Message 'filemgmt 56-199' appears 100 times and further instances of the messages will be disabled. Use the Tcl command set_msg_config to change the current settings.
ERROR: [Common 17-180] Spawn failed: No such file or directory
ERROR: [Common 17-180] Spawn failed: No such file or directory
ERROR: [Common 17-180] Spawn failed: No such file or directory
ERROR: [Common 17-180] Spawn failed: No such file or directory
ERROR: [Common 17-180] Spawn failed: No such file or directory
ERROR: [Common 17-180] Spawn failed: No such file or directory
ERROR: [Common 17-180] Spawn failed: No such file or directory
ERROR: [Common 17-180] Spawn failed: No such file or directory
ERROR: [Common 17-180] Spawn failed: No such file or directory
ERROR: [Common 17-180] Spawn failed: No such file or directory
ERROR: [Common 17-180] Spawn failed: No such file or directory
ERROR: [Common 17-180] Spawn failed: No such file or directory
ERROR: [Common 17-180] Spawn failed: No such file or directory
ERROR: [Common 17-180] Spawn failed: No such file or directory
ERROR: [Common 17-180] Spawn failed: No such file or directory
ERROR: [Common 17-180] Spawn failed: No such file or directory
ERROR: [Common 17-180] Spawn failed: No such file or directory
ERROR: [Common 17-180] Spawn failed: No such file or directory
ERROR: [Common 17-180] Spawn failed: No such file or directory
ERROR: [Common 17-180] Spawn failed: No such file or directory
ERROR: [Common 17-180] Spawn failed: No such file or directory
ERROR: [Common 17-180] Spawn failed: No such file or directory
ERROR: [Common 17-180] Spawn failed: No such file or directory
ERROR: [Common 17-180] Spawn failed: No such file or directory
ERROR: [Common 17-180] Spawn failed: No such file or directory
ERROR: [Common 17-180] Spawn failed: No such file or directory
ERROR: [Common 17-180] Spawn failed: No such file or directory
ERROR: [Common 17-180] Spawn failed: No such file or directory
ERROR: [Common 17-180] Spawn failed: No such file or directory
ERROR: [Common 17-180] Spawn failed: No such file or directory
ERROR: [Common 17-180] Spawn failed: No such file or directory
ERROR: [Common 17-180] Spawn failed: No such file or directory
ERROR: [Common 17-180] Spawn failed: No such file or directory
ERROR: [Common 17-180] Spawn failed: No such file or directory
ERROR: [Common 17-180] Spawn failed: No such file or directory
ERROR: [Common 17-180] Spawn failed: No such file or directory
ERROR: [Common 17-180] Spawn failed: No such file or directory
ERROR: [Common 17-180] Spawn failed: No such file or directory
ERROR: [Common 17-180] Spawn failed: No such file or directory
