#-----------------------------------------------------------
# Vivado v2019.2 (64-bit)
# SW Build 2708876 on Wed Nov  6 21:40:23 MST 2019
# IP Build 2700528 on Thu Nov  7 00:09:20 MST 2019
# Start of session at: Fri Aug 25 13:44:06 2023
# Process ID: 28004
# Current directory: C:/Users/tvh10/Desktop/lab3/single_cycle
# Command line: vivado.exe -gui_launcher_event rodinguilauncherevent22028 C:\Users\tvh10\Desktop\lab3\single_cycle\single_cycle.xpr
# Log file: C:/Users/tvh10/Desktop/lab3/single_cycle/vivado.log
# Journal file: C:/Users/tvh10/Desktop/lab3/single_cycle\vivado.jou
#-----------------------------------------------------------
start_gui
open_project C:/Users/tvh10/Desktop/lab3/single_cycle/single_cycle.xpr
Scanning sources...
Finished scanning sources
INFO: [IP_Flow 19-234] Refreshing IP repositories
INFO: [IP_Flow 19-1704] No user IP repositories specified
INFO: [IP_Flow 19-2313] Loaded Vivado IP repository 'D:/xilinix2/Vivado/2019.2/data/ip'.
update_compile_order -fileset sources_1
exit
INFO: [Common 17-206] Exiting Vivado at Fri Aug 25 13:49:44 2023...
